time=2025-07-19T11:07:17.136-04:00 level=INFO msg="Starting DungeonGate Auth Service" service=auth-service
time=2025-07-19T11:07:17.136-04:00 level=INFO msg="Metrics server starting" service=auth-service port=9091
time=2025-07-19T11:07:17.136-04:00 level=INFO msg="Starting metrics server" service=auth-service port=9091
time=2025-07-19T11:07:17.137-04:00 level=INFO msg="JWT_SECRET not set, generating random secret (not recommended for production)" service=auth-service
time=2025-07-19T11:07:17.137-04:00 level=INFO msg="Starting Auth Service gRPC server" service=auth-service port=8082
time=2025-07-19T11:07:17.137-04:00 level=INFO msg="Starting Auth Service HTTP server" service=auth-service port=8081
time=2025-07-19T11:07:20.149-04:00 level=INFO msg="gRPC request" service=auth-service method=/dungeongate.auth.v1.AuthService/ValidateToken status=OK duration_ms=0
time=2025-07-19T11:07:25.150-04:00 level=INFO msg="gRPC request" service=auth-service method=/dungeongate.auth.v1.AuthService/ValidateToken status=OK duration_ms=0
time=2025-07-19T11:07:30.150-04:00 level=INFO msg="gRPC request" service=auth-service method=/dungeongate.auth.v1.AuthService/ValidateToken status=OK duration_ms=0
time=2025-07-19T11:07:35.149-04:00 level=INFO msg="gRPC request" service=auth-service method=/dungeongate.auth.v1.AuthService/ValidateToken status=OK duration_ms=0
time=2025-07-19T11:07:40.149-04:00 level=INFO msg="gRPC request" service=auth-service method=/dungeongate.auth.v1.AuthService/ValidateToken status=OK duration_ms=0
time=2025-07-19T11:07:45.150-04:00 level=INFO msg="gRPC request" service=auth-service method=/dungeongate.auth.v1.AuthService/ValidateToken status=OK duration_ms=0
time=2025-07-19T11:07:50.150-04:00 level=INFO msg="gRPC request" service=auth-service method=/dungeongate.auth.v1.AuthService/ValidateToken status=OK duration_ms=0
time=2025-07-19T11:07:55.150-04:00 level=INFO msg="gRPC request" service=auth-service method=/dungeongate.auth.v1.AuthService/ValidateToken status=OK duration_ms=0
time=2025-07-19T11:07:55.807-04:00 level=INFO msg="gRPC request" service=auth-service method=/dungeongate.auth.v1.AuthService/ValidateToken status=OK duration_ms=0
time=2025-07-19T11:08:00.149-04:00 level=INFO msg="gRPC request" service=auth-service method=/dungeongate.auth.v1.AuthService/ValidateToken status=OK duration_ms=0
time=2025-07-19T11:08:03.062-04:00 level=INFO msg="gRPC request" service=auth-service method=/dungeongate.auth.v1.AuthService/Login status=OK duration_ms=0
time=2025-07-19T11:08:05.150-04:00 level=INFO msg="gRPC request" service=auth-service method=/dungeongate.auth.v1.AuthService/ValidateToken status=OK duration_ms=0
time=2025-07-19T11:08:10.150-04:00 level=INFO msg="gRPC request" service=auth-service method=/dungeongate.auth.v1.AuthService/ValidateToken status=OK duration_ms=0
time=2025-07-19T11:08:11.981-04:00 level=INFO msg="gRPC request" service=auth-service method=/dungeongate.auth.v1.AuthService/ValidateToken status=OK duration_ms=0
time=2025-07-19T11:08:15.150-04:00 level=INFO msg="gRPC request" service=auth-service method=/dungeongate.auth.v1.AuthService/ValidateToken status=OK duration_ms=0
time=2025-07-19T11:08:16.486-04:00 level=INFO msg="gRPC request" service=auth-service method=/dungeongate.auth.v1.AuthService/ValidateToken status=OK duration_ms=0
time=2025-07-19T11:08:16.510-04:00 level=INFO msg="gRPC request" service=auth-service method=/dungeongate.auth.v1.AuthService/Login status=OK duration_ms=23
time=2025-07-19T11:08:16.511-04:00 level=INFO msg="gRPC request" service=auth-service method=/dungeongate.auth.v1.AuthService/GetUserInfo status=OK duration_ms=0
time=2025-07-19T11:08:16.512-04:00 level=INFO msg="gRPC request" service=auth-service method=/dungeongate.auth.v1.AuthService/GetUserInfo status=OK duration_ms=0
time=2025-07-19T11:08:20.149-04:00 level=INFO msg="gRPC request" service=auth-service method=/dungeongate.auth.v1.AuthService/ValidateToken status=OK duration_ms=0
time=2025-07-19T11:08:25.149-04:00 level=INFO msg="gRPC request" service=auth-service method=/dungeongate.auth.v1.AuthService/ValidateToken status=OK duration_ms=0
time=2025-07-19T11:08:30.150-04:00 level=INFO msg="gRPC request" service=auth-service method=/dungeongate.auth.v1.AuthService/ValidateToken status=OK duration_ms=0
time=2025-07-19T11:08:35.149-04:00 level=INFO msg="gRPC request" service=auth-service method=/dungeongate.auth.v1.AuthService/ValidateToken status=OK duration_ms=0
time=2025-07-19T11:08:40.150-04:00 level=INFO msg="gRPC request" service=auth-service method=/dungeongate.auth.v1.AuthService/ValidateToken status=OK duration_ms=0
time=2025-07-19T11:08:45.149-04:00 level=INFO msg="gRPC request" service=auth-service method=/dungeongate.auth.v1.AuthService/ValidateToken status=OK duration_ms=0
time=2025-07-19T11:08:50.148-04:00 level=INFO msg="gRPC request" service=auth-service method=/dungeongate.auth.v1.AuthService/ValidateToken status=OK duration_ms=0
time=2025-07-19T11:08:55.150-04:00 level=INFO msg="gRPC request" service=auth-service method=/dungeongate.auth.v1.AuthService/ValidateToken status=OK duration_ms=0
time=2025-07-19T11:09:00.148-04:00 level=INFO msg="gRPC request" service=auth-service method=/dungeongate.auth.v1.AuthService/ValidateToken status=OK duration_ms=0
time=2025-07-19T11:09:05.149-04:00 level=INFO msg="gRPC request" service=auth-service method=/dungeongate.auth.v1.AuthService/ValidateToken status=OK duration_ms=0
time=2025-07-19T11:09:10.149-04:00 level=INFO msg="gRPC request" service=auth-service method=/dungeongate.auth.v1.AuthService/ValidateToken status=OK duration_ms=0
time=2025-07-19T11:09:15.149-04:00 level=INFO msg="gRPC request" service=auth-service method=/dungeongate.auth.v1.AuthService/ValidateToken status=OK duration_ms=0
time=2025-07-19T11:09:20.148-04:00 level=INFO msg="gRPC request" service=auth-service method=/dungeongate.auth.v1.AuthService/ValidateToken status=OK duration_ms=0
time=2025-07-19T11:09:25.149-04:00 level=INFO msg="gRPC request" service=auth-service method=/dungeongate.auth.v1.AuthService/ValidateToken status=OK duration_ms=0
time=2025-07-19T11:09:30.149-04:00 level=INFO msg="gRPC request" service=auth-service method=/dungeongate.auth.v1.AuthService/ValidateToken status=OK duration_ms=0
time=2025-07-19T11:09:35.148-04:00 level=INFO msg="gRPC request" service=auth-service method=/dungeongate.auth.v1.AuthService/ValidateToken status=OK duration_ms=0
time=2025-07-19T11:09:40.149-04:00 level=INFO msg="gRPC request" service=auth-service method=/dungeongate.auth.v1.AuthService/ValidateToken status=OK duration_ms=0
time=2025-07-19T11:09:45.149-04:00 level=INFO msg="gRPC request" service=auth-service method=/dungeongate.auth.v1.AuthService/ValidateToken status=OK duration_ms=0
time=2025-07-19T11:09:50.148-04:00 level=INFO msg="gRPC request" service=auth-service method=/dungeongate.auth.v1.AuthService/ValidateToken status=OK duration_ms=0
time=2025-07-19T11:09:55.148-04:00 level=INFO msg="gRPC request" service=auth-service method=/dungeongate.auth.v1.AuthService/ValidateToken status=OK duration_ms=0
time=2025-07-19T11:10:00.149-04:00 level=INFO msg="gRPC request" service=auth-service method=/dungeongate.auth.v1.AuthService/ValidateToken status=OK duration_ms=0
time=2025-07-19T11:10:05.148-04:00 level=INFO msg="gRPC request" service=auth-service method=/dungeongate.auth.v1.AuthService/ValidateToken status=OK duration_ms=0
time=2025-07-19T11:10:10.148-04:00 level=INFO msg="gRPC request" service=auth-service method=/dungeongate.auth.v1.AuthService/ValidateToken status=OK duration_ms=0
time=2025-07-19T11:10:15.148-04:00 level=INFO msg="gRPC request" service=auth-service method=/dungeongate.auth.v1.AuthService/ValidateToken status=OK duration_ms=0
time=2025-07-19T11:10:20.150-04:00 level=INFO msg="gRPC request" service=auth-service method=/dungeongate.auth.v1.AuthService/ValidateToken status=OK duration_ms=0
time=2025-07-19T11:10:25.149-04:00 level=INFO msg="gRPC request" service=auth-service method=/dungeongate.auth.v1.AuthService/ValidateToken status=OK duration_ms=0
time=2025-07-19T11:10:30.148-04:00 level=INFO msg="gRPC request" service=auth-service method=/dungeongate.auth.v1.AuthService/ValidateToken status=OK duration_ms=0
time=2025-07-19T11:10:35.149-04:00 level=INFO msg="gRPC request" service=auth-service method=/dungeongate.auth.v1.AuthService/ValidateToken status=OK duration_ms=0
time=2025-07-19T11:10:40.148-04:00 level=INFO msg="gRPC request" service=auth-service method=/dungeongate.auth.v1.AuthService/ValidateToken status=OK duration_ms=0
time=2025-07-19T11:10:45.148-04:00 level=INFO msg="gRPC request" service=auth-service method=/dungeongate.auth.v1.AuthService/ValidateToken status=OK duration_ms=0
time=2025-07-19T11:10:50.148-04:00 level=INFO msg="gRPC request" service=auth-service method=/dungeongate.auth.v1.AuthService/ValidateToken status=OK duration_ms=0
time=2025-07-19T11:10:55.149-04:00 level=INFO msg="gRPC request" service=auth-service method=/dungeongate.auth.v1.AuthService/ValidateToken status=OK duration_ms=0
time=2025-07-19T11:11:00.148-04:00 level=INFO msg="gRPC request" service=auth-service method=/dungeongate.auth.v1.AuthService/ValidateToken status=OK duration_ms=0
time=2025-07-19T11:11:05.148-04:00 level=INFO msg="gRPC request" service=auth-service method=/dungeongate.auth.v1.AuthService/ValidateToken status=OK duration_ms=0
time=2025-07-19T11:11:10.148-04:00 level=INFO msg="gRPC request" service=auth-service method=/dungeongate.auth.v1.AuthService/ValidateToken status=OK duration_ms=0
time=2025-07-19T11:11:15.148-04:00 level=INFO msg="gRPC request" service=auth-service method=/dungeongate.auth.v1.AuthService/ValidateToken status=OK duration_ms=0
time=2025-07-19T11:11:20.147-04:00 level=INFO msg="gRPC request" service=auth-service method=/dungeongate.auth.v1.AuthService/ValidateToken status=OK duration_ms=0
time=2025-07-19T11:11:25.148-04:00 level=INFO msg="gRPC request" service=auth-service method=/dungeongate.auth.v1.AuthService/ValidateToken status=OK duration_ms=0
time=2025-07-19T11:11:30.147-04:00 level=INFO msg="gRPC request" service=auth-service method=/dungeongate.auth.v1.AuthService/ValidateToken status=OK duration_ms=0
time=2025-07-19T11:11:35.148-04:00 level=INFO msg="gRPC request" service=auth-service method=/dungeongate.auth.v1.AuthService/ValidateToken status=OK duration_ms=0
time=2025-07-19T11:11:40.147-04:00 level=INFO msg="gRPC request" service=auth-service method=/dungeongate.auth.v1.AuthService/ValidateToken status=OK duration_ms=0
time=2025-07-19T11:11:45.148-04:00 level=INFO msg="gRPC request" service=auth-service method=/dungeongate.auth.v1.AuthService/ValidateToken status=OK duration_ms=0
time=2025-07-19T11:11:50.148-04:00 level=INFO msg="gRPC request" service=auth-service method=/dungeongate.auth.v1.AuthService/ValidateToken status=OK duration_ms=0
time=2025-07-19T11:11:55.148-04:00 level=INFO msg="gRPC request" service=auth-service method=/dungeongate.auth.v1.AuthService/ValidateToken status=OK duration_ms=0
time=2025-07-19T11:12:00.148-04:00 level=INFO msg="gRPC request" service=auth-service method=/dungeongate.auth.v1.AuthService/ValidateToken status=OK duration_ms=0
time=2025-07-19T11:12:05.148-04:00 level=INFO msg="gRPC request" service=auth-service method=/dungeongate.auth.v1.AuthService/ValidateToken status=OK duration_ms=0
time=2025-07-19T11:12:10.148-04:00 level=INFO msg="gRPC request" service=auth-service method=/dungeongate.auth.v1.AuthService/ValidateToken status=OK duration_ms=0
time=2025-07-19T11:12:15.148-04:00 level=INFO msg="gRPC request" service=auth-service method=/dungeongate.auth.v1.AuthService/ValidateToken status=OK duration_ms=0
time=2025-07-19T11:12:20.147-04:00 level=INFO msg="gRPC request" service=auth-service method=/dungeongate.auth.v1.AuthService/ValidateToken status=OK duration_ms=0
time=2025-07-19T11:12:25.149-04:00 level=INFO msg="gRPC request" service=auth-service method=/dungeongate.auth.v1.AuthService/ValidateToken status=OK duration_ms=0
time=2025-07-19T11:12:30.148-04:00 level=INFO msg="gRPC request" service=auth-service method=/dungeongate.auth.v1.AuthService/ValidateToken status=OK duration_ms=0
time=2025-07-19T11:12:35.148-04:00 level=INFO msg="gRPC request" service=auth-service method=/dungeongate.auth.v1.AuthService/ValidateToken status=OK duration_ms=0
time=2025-07-19T11:12:40.147-04:00 level=INFO msg="gRPC request" service=auth-service method=/dungeongate.auth.v1.AuthService/ValidateToken status=OK duration_ms=0
time=2025-07-19T11:12:45.147-04:00 level=INFO msg="gRPC request" service=auth-service method=/dungeongate.auth.v1.AuthService/ValidateToken status=OK duration_ms=0
time=2025-07-19T11:12:50.147-04:00 level=INFO msg="gRPC request" service=auth-service method=/dungeongate.auth.v1.AuthService/ValidateToken status=OK duration_ms=0
time=2025-07-19T11:12:55.147-04:00 level=INFO msg="gRPC request" service=auth-service method=/dungeongate.auth.v1.AuthService/ValidateToken status=OK duration_ms=0
time=2025-07-19T11:13:00.147-04:00 level=INFO msg="gRPC request" service=auth-service method=/dungeongate.auth.v1.AuthService/ValidateToken status=OK duration_ms=0
time=2025-07-19T11:13:05.147-04:00 level=INFO msg="gRPC request" service=auth-service method=/dungeongate.auth.v1.AuthService/ValidateToken status=OK duration_ms=0
time=2025-07-19T11:13:10.146-04:00 level=INFO msg="gRPC request" service=auth-service method=/dungeongate.auth.v1.AuthService/ValidateToken status=OK duration_ms=0
time=2025-07-19T11:13:15.147-04:00 level=INFO msg="gRPC request" service=auth-service method=/dungeongate.auth.v1.AuthService/ValidateToken status=OK duration_ms=0
time=2025-07-19T11:13:20.147-04:00 level=INFO msg="gRPC request" service=auth-service method=/dungeongate.auth.v1.AuthService/ValidateToken status=OK duration_ms=0
time=2025-07-19T11:13:25.147-04:00 level=INFO msg="gRPC request" service=auth-service method=/dungeongate.auth.v1.AuthService/ValidateToken status=OK duration_ms=0
time=2025-07-19T11:13:30.147-04:00 level=INFO msg="gRPC request" service=auth-service method=/dungeongate.auth.v1.AuthService/ValidateToken status=OK duration_ms=0
time=2025-07-19T11:13:35.147-04:00 level=INFO msg="gRPC request" service=auth-service method=/dungeongate.auth.v1.AuthService/ValidateToken status=OK duration_ms=0
time=2025-07-19T11:13:40.147-04:00 level=INFO msg="gRPC request" service=auth-service method=/dungeongate.auth.v1.AuthService/ValidateToken status=OK duration_ms=0
time=2025-07-19T11:13:45.147-04:00 level=INFO msg="gRPC request" service=auth-service method=/dungeongate.auth.v1.AuthService/ValidateToken status=OK duration_ms=0
time=2025-07-19T11:13:50.147-04:00 level=INFO msg="gRPC request" service=auth-service method=/dungeongate.auth.v1.AuthService/ValidateToken status=OK duration_ms=0
time=2025-07-19T11:13:55.147-04:00 level=INFO msg="gRPC request" service=auth-service method=/dungeongate.auth.v1.AuthService/ValidateToken status=OK duration_ms=0
time=2025-07-19T11:14:00.146-04:00 level=INFO msg="gRPC request" service=auth-service method=/dungeongate.auth.v1.AuthService/ValidateToken status=OK duration_ms=0
time=2025-07-19T11:14:05.146-04:00 level=INFO msg="gRPC request" service=auth-service method=/dungeongate.auth.v1.AuthService/ValidateToken status=OK duration_ms=0
time=2025-07-19T11:14:10.146-04:00 level=INFO msg="gRPC request" service=auth-service method=/dungeongate.auth.v1.AuthService/ValidateToken status=OK duration_ms=0
time=2025-07-19T11:14:15.146-04:00 level=INFO msg="gRPC request" service=auth-service method=/dungeongate.auth.v1.AuthService/ValidateToken status=OK duration_ms=0
time=2025-07-19T11:14:20.147-04:00 level=INFO msg="gRPC request" service=auth-service method=/dungeongate.auth.v1.AuthService/ValidateToken status=OK duration_ms=0
time=2025-07-19T11:14:25.146-04:00 level=INFO msg="gRPC request" service=auth-service method=/dungeongate.auth.v1.AuthService/ValidateToken status=OK duration_ms=0
time=2025-07-19T11:14:30.147-04:00 level=INFO msg="gRPC request" service=auth-service method=/dungeongate.auth.v1.AuthService/ValidateToken status=OK duration_ms=0
time=2025-07-19T11:14:35.147-04:00 level=INFO msg="gRPC request" service=auth-service method=/dungeongate.auth.v1.AuthService/ValidateToken status=OK duration_ms=0
time=2025-07-19T11:14:40.147-04:00 level=INFO msg="gRPC request" service=auth-service method=/dungeongate.auth.v1.AuthService/ValidateToken status=OK duration_ms=0
time=2025-07-19T11:14:45.146-04:00 level=INFO msg="gRPC request" service=auth-service method=/dungeongate.auth.v1.AuthService/ValidateToken status=OK duration_ms=0
time=2025-07-19T11:14:50.146-04:00 level=INFO msg="gRPC request" service=auth-service method=/dungeongate.auth.v1.AuthService/ValidateToken status=OK duration_ms=0
time=2025-07-19T11:14:55.146-04:00 level=INFO msg="gRPC request" service=auth-service method=/dungeongate.auth.v1.AuthService/ValidateToken status=OK duration_ms=0
time=2025-07-19T11:15:00.146-04:00 level=INFO msg="gRPC request" service=auth-service method=/dungeongate.auth.v1.AuthService/ValidateToken status=OK duration_ms=0
time=2025-07-19T11:15:05.146-04:00 level=INFO msg="gRPC request" service=auth-service method=/dungeongate.auth.v1.AuthService/ValidateToken status=OK duration_ms=0
time=2025-07-19T11:15:10.146-04:00 level=INFO msg="gRPC request" service=auth-service method=/dungeongate.auth.v1.AuthService/ValidateToken status=OK duration_ms=0
time=2025-07-19T11:15:15.146-04:00 level=INFO msg="gRPC request" service=auth-service method=/dungeongate.auth.v1.AuthService/ValidateToken status=OK duration_ms=0
time=2025-07-19T11:15:20.146-04:00 level=INFO msg="gRPC request" service=auth-service method=/dungeongate.auth.v1.AuthService/ValidateToken status=OK duration_ms=0
time=2025-07-19T11:15:25.146-04:00 level=INFO msg="gRPC request" service=auth-service method=/dungeongate.auth.v1.AuthService/ValidateToken status=OK duration_ms=0
time=2025-07-19T11:15:30.146-04:00 level=INFO msg="gRPC request" service=auth-service method=/dungeongate.auth.v1.AuthService/ValidateToken status=OK duration_ms=0
time=2025-07-19T11:15:35.146-04:00 level=INFO msg="gRPC request" service=auth-service method=/dungeongate.auth.v1.AuthService/ValidateToken status=OK duration_ms=0
time=2025-07-19T11:15:40.146-04:00 level=INFO msg="gRPC request" service=auth-service method=/dungeongate.auth.v1.AuthService/ValidateToken status=OK duration_ms=0
time=2025-07-19T11:15:45.146-04:00 level=INFO msg="gRPC request" service=auth-service method=/dungeongate.auth.v1.AuthService/ValidateToken status=OK duration_ms=0
time=2025-07-19T11:15:50.146-04:00 level=INFO msg="gRPC request" service=auth-service method=/dungeongate.auth.v1.AuthService/ValidateToken status=OK duration_ms=0
time=2025-07-19T11:15:55.146-04:00 level=INFO msg="gRPC request" service=auth-service method=/dungeongate.auth.v1.AuthService/ValidateToken status=OK duration_ms=0
time=2025-07-19T11:16:00.146-04:00 level=INFO msg="gRPC request" service=auth-service method=/dungeongate.auth.v1.AuthService/ValidateToken status=OK duration_ms=0
time=2025-07-19T11:16:05.146-04:00 level=INFO msg="gRPC request" service=auth-service method=/dungeongate.auth.v1.AuthService/ValidateToken status=OK duration_ms=0
time=2025-07-19T11:16:10.146-04:00 level=INFO msg="gRPC request" service=auth-service method=/dungeongate.auth.v1.AuthService/ValidateToken status=OK duration_ms=0
time=2025-07-19T11:16:15.145-04:00 level=INFO msg="gRPC request" service=auth-service method=/dungeongate.auth.v1.AuthService/ValidateToken status=OK duration_ms=0
time=2025-07-19T11:16:20.146-04:00 level=INFO msg="gRPC request" service=auth-service method=/dungeongate.auth.v1.AuthService/ValidateToken status=OK duration_ms=0
time=2025-07-19T11:16:25.146-04:00 level=INFO msg="gRPC request" service=auth-service method=/dungeongate.auth.v1.AuthService/ValidateToken status=OK duration_ms=0
time=2025-07-19T11:16:30.145-04:00 level=INFO msg="gRPC request" service=auth-service method=/dungeongate.auth.v1.AuthService/ValidateToken status=OK duration_ms=0
time=2025-07-19T11:16:35.147-04:00 level=INFO msg="gRPC request" service=auth-service method=/dungeongate.auth.v1.AuthService/ValidateToken status=OK duration_ms=0
time=2025-07-19T11:16:40.145-04:00 level=INFO msg="gRPC request" service=auth-service method=/dungeongate.auth.v1.AuthService/ValidateToken status=OK duration_ms=0
time=2025-07-19T11:16:45.146-04:00 level=INFO msg="gRPC request" service=auth-service method=/dungeongate.auth.v1.AuthService/ValidateToken status=OK duration_ms=0
time=2025-07-19T11:16:50.145-04:00 level=INFO msg="gRPC request" service=auth-service method=/dungeongate.auth.v1.AuthService/ValidateToken status=OK duration_ms=0
time=2025-07-19T11:16:55.145-04:00 level=INFO msg="gRPC request" service=auth-service method=/dungeongate.auth.v1.AuthService/ValidateToken status=OK duration_ms=0
time=2025-07-19T11:17:00.145-04:00 level=INFO msg="gRPC request" service=auth-service method=/dungeongate.auth.v1.AuthService/ValidateToken status=OK duration_ms=0
time=2025-07-19T11:17:05.145-04:00 level=INFO msg="gRPC request" service=auth-service method=/dungeongate.auth.v1.AuthService/ValidateToken status=OK duration_ms=0
time=2025-07-19T11:17:10.145-04:00 level=INFO msg="gRPC request" service=auth-service method=/dungeongate.auth.v1.AuthService/ValidateToken status=OK duration_ms=0
time=2025-07-19T11:17:15.145-04:00 level=INFO msg="gRPC request" service=auth-service method=/dungeongate.auth.v1.AuthService/ValidateToken status=OK duration_ms=0
time=2025-07-19T11:17:20.145-04:00 level=INFO msg="gRPC request" service=auth-service method=/dungeongate.auth.v1.AuthService/ValidateToken status=OK duration_ms=0
time=2025-07-19T11:17:25.145-04:00 level=INFO msg="gRPC request" service=auth-service method=/dungeongate.auth.v1.AuthService/ValidateToken status=OK duration_ms=0
time=2025-07-19T11:17:30.145-04:00 level=INFO msg="gRPC request" service=auth-service method=/dungeongate.auth.v1.AuthService/ValidateToken status=OK duration_ms=0
time=2025-07-19T11:17:35.145-04:00 level=INFO msg="gRPC request" service=auth-service method=/dungeongate.auth.v1.AuthService/ValidateToken status=OK duration_ms=0
time=2025-07-19T11:17:40.145-04:00 level=INFO msg="gRPC request" service=auth-service method=/dungeongate.auth.v1.AuthService/ValidateToken status=OK duration_ms=0
time=2025-07-19T11:17:45.144-04:00 level=INFO msg="gRPC request" service=auth-service method=/dungeongate.auth.v1.AuthService/ValidateToken status=OK duration_ms=0
time=2025-07-19T11:17:50.145-04:00 level=INFO msg="gRPC request" service=auth-service method=/dungeongate.auth.v1.AuthService/ValidateToken status=OK duration_ms=0
time=2025-07-19T11:17:55.145-04:00 level=INFO msg="gRPC request" service=auth-service method=/dungeongate.auth.v1.AuthService/ValidateToken status=OK duration_ms=0
time=2025-07-19T11:18:00.144-04:00 level=INFO msg="gRPC request" service=auth-service method=/dungeongate.auth.v1.AuthService/ValidateToken status=OK duration_ms=0
time=2025-07-19T11:18:05.145-04:00 level=INFO msg="gRPC request" service=auth-service method=/dungeongate.auth.v1.AuthService/ValidateToken status=OK duration_ms=0
time=2025-07-19T11:18:10.145-04:00 level=INFO msg="gRPC request" service=auth-service method=/dungeongate.auth.v1.AuthService/ValidateToken status=OK duration_ms=0
time=2025-07-19T11:18:15.145-04:00 level=INFO msg="gRPC request" service=auth-service method=/dungeongate.auth.v1.AuthService/ValidateToken status=OK duration_ms=0
time=2025-07-19T11:18:20.145-04:00 level=INFO msg="gRPC request" service=auth-service method=/dungeongate.auth.v1.AuthService/ValidateToken status=OK duration_ms=0
time=2025-07-19T11:18:25.145-04:00 level=INFO msg="gRPC request" service=auth-service method=/dungeongate.auth.v1.AuthService/ValidateToken status=OK duration_ms=0
time=2025-07-19T11:18:30.145-04:00 level=INFO msg="gRPC request" service=auth-service method=/dungeongate.auth.v1.AuthService/ValidateToken status=OK duration_ms=0
time=2025-07-19T11:18:35.145-04:00 level=INFO msg="gRPC request" service=auth-service method=/dungeongate.auth.v1.AuthService/ValidateToken status=OK duration_ms=0
time=2025-07-19T11:18:40.145-04:00 level=INFO msg="gRPC request" service=auth-service method=/dungeongate.auth.v1.AuthService/ValidateToken status=OK duration_ms=0
time=2025-07-19T11:18:45.145-04:00 level=INFO msg="gRPC request" service=auth-service method=/dungeongate.auth.v1.AuthService/ValidateToken status=OK duration_ms=0
time=2025-07-19T11:18:50.145-04:00 level=INFO msg="gRPC request" service=auth-service method=/dungeongate.auth.v1.AuthService/ValidateToken status=OK duration_ms=0
time=2025-07-19T11:18:55.144-04:00 level=INFO msg="gRPC request" service=auth-service method=/dungeongate.auth.v1.AuthService/ValidateToken status=OK duration_ms=0
time=2025-07-19T11:19:00.144-04:00 level=INFO msg="gRPC request" service=auth-service method=/dungeongate.auth.v1.AuthService/ValidateToken status=OK duration_ms=0
time=2025-07-19T11:19:05.144-04:00 level=INFO msg="gRPC request" service=auth-service method=/dungeongate.auth.v1.AuthService/ValidateToken status=OK duration_ms=0
time=2025-07-19T11:19:10.144-04:00 level=INFO msg="gRPC request" service=auth-service method=/dungeongate.auth.v1.AuthService/ValidateToken status=OK duration_ms=0
time=2025-07-19T11:19:15.144-04:00 level=INFO msg="gRPC request" service=auth-service method=/dungeongate.auth.v1.AuthService/ValidateToken status=OK duration_ms=0
time=2025-07-19T11:19:20.144-04:00 level=INFO msg="gRPC request" service=auth-service method=/dungeongate.auth.v1.AuthService/ValidateToken status=OK duration_ms=0
time=2025-07-19T11:19:25.144-04:00 level=INFO msg="gRPC request" service=auth-service method=/dungeongate.auth.v1.AuthService/ValidateToken status=OK duration_ms=0
time=2025-07-19T11:19:30.144-04:00 level=INFO msg="gRPC request" service=auth-service method=/dungeongate.auth.v1.AuthService/ValidateToken status=OK duration_ms=0
time=2025-07-19T11:19:35.144-04:00 level=INFO msg="gRPC request" service=auth-service method=/dungeongate.auth.v1.AuthService/ValidateToken status=OK duration_ms=0
time=2025-07-19T11:19:40.144-04:00 level=INFO msg="gRPC request" service=auth-service method=/dungeongate.auth.v1.AuthService/ValidateToken status=OK duration_ms=0
time=2025-07-19T11:19:45.144-04:00 level=INFO msg="gRPC request" service=auth-service method=/dungeongate.auth.v1.AuthService/ValidateToken status=OK duration_ms=0
time=2025-07-19T11:19:50.143-04:00 level=INFO msg="gRPC request" service=auth-service method=/dungeongate.auth.v1.AuthService/ValidateToken status=OK duration_ms=0
time=2025-07-19T11:19:55.144-04:00 level=INFO msg="gRPC request" service=auth-service method=/dungeongate.auth.v1.AuthService/ValidateToken status=OK duration_ms=0
time=2025-07-19T11:20:00.143-04:00 level=INFO msg="gRPC request" service=auth-service method=/dungeongate.auth.v1.AuthService/ValidateToken status=OK duration_ms=0
time=2025-07-19T11:20:05.144-04:00 level=INFO msg="gRPC request" service=auth-service method=/dungeongate.auth.v1.AuthService/ValidateToken status=OK duration_ms=0
time=2025-07-19T11:20:10.144-04:00 level=INFO msg="gRPC request" service=auth-service method=/dungeongate.auth.v1.AuthService/ValidateToken status=OK duration_ms=0
time=2025-07-19T11:20:15.144-04:00 level=INFO msg="gRPC request" service=auth-service method=/dungeongate.auth.v1.AuthService/ValidateToken status=OK duration_ms=0
time=2025-07-19T11:20:20.143-04:00 level=INFO msg="gRPC request" service=auth-service method=/dungeongate.auth.v1.AuthService/ValidateToken status=OK duration_ms=0
time=2025-07-19T11:20:25.144-04:00 level=INFO msg="gRPC request" service=auth-service method=/dungeongate.auth.v1.AuthService/ValidateToken status=OK duration_ms=0
time=2025-07-19T11:20:30.143-04:00 level=INFO msg="gRPC request" service=auth-service method=/dungeongate.auth.v1.AuthService/ValidateToken status=OK duration_ms=0
time=2025-07-19T11:20:35.143-04:00 level=INFO msg="gRPC request" service=auth-service method=/dungeongate.auth.v1.AuthService/ValidateToken status=OK duration_ms=0
time=2025-07-19T11:20:40.144-04:00 level=INFO msg="gRPC request" service=auth-service method=/dungeongate.auth.v1.AuthService/ValidateToken status=OK duration_ms=0
time=2025-07-19T11:20:45.144-04:00 level=INFO msg="gRPC request" service=auth-service method=/dungeongate.auth.v1.AuthService/ValidateToken status=OK duration_ms=0
time=2025-07-19T11:20:50.143-04:00 level=INFO msg="gRPC request" service=auth-service method=/dungeongate.auth.v1.AuthService/ValidateToken status=OK duration_ms=0
time=2025-07-19T11:20:55.144-04:00 level=INFO msg="gRPC request" service=auth-service method=/dungeongate.auth.v1.AuthService/ValidateToken status=OK duration_ms=0
time=2025-07-19T11:21:00.143-04:00 level=INFO msg="gRPC request" service=auth-service method=/dungeongate.auth.v1.AuthService/ValidateToken status=OK duration_ms=0
time=2025-07-19T11:21:05.143-04:00 level=INFO msg="gRPC request" service=auth-service method=/dungeongate.auth.v1.AuthService/ValidateToken status=OK duration_ms=0
time=2025-07-19T11:21:10.143-04:00 level=INFO msg="gRPC request" service=auth-service method=/dungeongate.auth.v1.AuthService/ValidateToken status=OK duration_ms=0
time=2025-07-19T11:21:15.144-04:00 level=INFO msg="gRPC request" service=auth-service method=/dungeongate.auth.v1.AuthService/ValidateToken status=OK duration_ms=0
time=2025-07-19T11:21:20.144-04:00 level=INFO msg="gRPC request" service=auth-service method=/dungeongate.auth.v1.AuthService/ValidateToken status=OK duration_ms=0
time=2025-07-19T11:21:25.144-04:00 level=INFO msg="gRPC request" service=auth-service method=/dungeongate.auth.v1.AuthService/ValidateToken status=OK duration_ms=0
time=2025-07-19T11:21:30.143-04:00 level=INFO msg="gRPC request" service=auth-service method=/dungeongate.auth.v1.AuthService/ValidateToken status=OK duration_ms=0
time=2025-07-19T11:21:35.144-04:00 level=INFO msg="gRPC request" service=auth-service method=/dungeongate.auth.v1.AuthService/ValidateToken status=OK duration_ms=0
time=2025-07-19T11:21:40.143-04:00 level=INFO msg="gRPC request" service=auth-service method=/dungeongate.auth.v1.AuthService/ValidateToken status=OK duration_ms=0
time=2025-07-19T11:21:45.144-04:00 level=INFO msg="gRPC request" service=auth-service method=/dungeongate.auth.v1.AuthService/ValidateToken status=OK duration_ms=0
time=2025-07-19T11:21:50.144-04:00 level=INFO msg="gRPC request" service=auth-service method=/dungeongate.auth.v1.AuthService/ValidateToken status=OK duration_ms=0
time=2025-07-19T11:21:55.144-04:00 level=INFO msg="gRPC request" service=auth-service method=/dungeongate.auth.v1.AuthService/ValidateToken status=OK duration_ms=0
time=2025-07-19T11:22:00.144-04:00 level=INFO msg="gRPC request" service=auth-service method=/dungeongate.auth.v1.AuthService/ValidateToken status=OK duration_ms=0
time=2025-07-19T11:22:05.144-04:00 level=INFO msg="gRPC request" service=auth-service method=/dungeongate.auth.v1.AuthService/ValidateToken status=OK duration_ms=0
time=2025-07-19T11:22:10.142-04:00 level=INFO msg="gRPC request" service=auth-service method=/dungeongate.auth.v1.AuthService/ValidateToken status=OK duration_ms=0
time=2025-07-19T11:22:15.144-04:00 level=INFO msg="gRPC request" service=auth-service method=/dungeongate.auth.v1.AuthService/ValidateToken status=OK duration_ms=0
time=2025-07-19T11:22:20.143-04:00 level=INFO msg="gRPC request" service=auth-service method=/dungeongate.auth.v1.AuthService/ValidateToken status=OK duration_ms=0
time=2025-07-19T11:22:25.144-04:00 level=INFO msg="gRPC request" service=auth-service method=/dungeongate.auth.v1.AuthService/ValidateToken status=OK duration_ms=0
time=2025-07-19T11:22:30.143-04:00 level=INFO msg="gRPC request" service=auth-service method=/dungeongate.auth.v1.AuthService/ValidateToken status=OK duration_ms=0
time=2025-07-19T11:22:35.144-04:00 level=INFO msg="gRPC request" service=auth-service method=/dungeongate.auth.v1.AuthService/ValidateToken status=OK duration_ms=0
time=2025-07-19T11:22:40.144-04:00 level=INFO msg="gRPC request" service=auth-service method=/dungeongate.auth.v1.AuthService/ValidateToken status=OK duration_ms=0
time=2025-07-19T11:22:45.143-04:00 level=INFO msg="gRPC request" service=auth-service method=/dungeongate.auth.v1.AuthService/ValidateToken status=OK duration_ms=0
time=2025-07-19T11:22:50.144-04:00 level=INFO msg="gRPC request" service=auth-service method=/dungeongate.auth.v1.AuthService/ValidateToken status=OK duration_ms=0
time=2025-07-19T11:22:55.144-04:00 level=INFO msg="gRPC request" service=auth-service method=/dungeongate.auth.v1.AuthService/ValidateToken status=OK duration_ms=0
time=2025-07-19T11:23:00.143-04:00 level=INFO msg="gRPC request" service=auth-service method=/dungeongate.auth.v1.AuthService/ValidateToken status=OK duration_ms=0
time=2025-07-19T11:23:05.143-04:00 level=INFO msg="gRPC request" service=auth-service method=/dungeongate.auth.v1.AuthService/ValidateToken status=OK duration_ms=0
time=2025-07-19T11:23:10.142-04:00 level=INFO msg="gRPC request" service=auth-service method=/dungeongate.auth.v1.AuthService/ValidateToken status=OK duration_ms=0
time=2025-07-19T11:23:15.143-04:00 level=INFO msg="gRPC request" service=auth-service method=/dungeongate.auth.v1.AuthService/ValidateToken status=OK duration_ms=0
time=2025-07-19T11:23:20.142-04:00 level=INFO msg="gRPC request" service=auth-service method=/dungeongate.auth.v1.AuthService/ValidateToken status=OK duration_ms=0
time=2025-07-19T11:23:25.143-04:00 level=INFO msg="gRPC request" service=auth-service method=/dungeongate.auth.v1.AuthService/ValidateToken status=OK duration_ms=0
time=2025-07-19T11:23:30.143-04:00 level=INFO msg="gRPC request" service=auth-service method=/dungeongate.auth.v1.AuthService/ValidateToken status=OK duration_ms=0
time=2025-07-19T11:23:35.143-04:00 level=INFO msg="gRPC request" service=auth-service method=/dungeongate.auth.v1.AuthService/ValidateToken status=OK duration_ms=0
time=2025-07-19T11:23:40.142-04:00 level=INFO msg="gRPC request" service=auth-service method=/dungeongate.auth.v1.AuthService/ValidateToken status=OK duration_ms=0
time=2025-07-19T11:23:45.144-04:00 level=INFO msg="gRPC request" service=auth-service method=/dungeongate.auth.v1.AuthService/ValidateToken status=OK duration_ms=0
time=2025-07-19T11:23:50.142-04:00 level=INFO msg="gRPC request" service=auth-service method=/dungeongate.auth.v1.AuthService/ValidateToken status=OK duration_ms=0
time=2025-07-19T11:23:55.143-04:00 level=INFO msg="gRPC request" service=auth-service method=/dungeongate.auth.v1.AuthService/ValidateToken status=OK duration_ms=0
time=2025-07-19T11:24:00.143-04:00 level=INFO msg="gRPC request" service=auth-service method=/dungeongate.auth.v1.AuthService/ValidateToken status=OK duration_ms=0
time=2025-07-19T11:24:05.143-04:00 level=INFO msg="gRPC request" service=auth-service method=/dungeongate.auth.v1.AuthService/ValidateToken status=OK duration_ms=0
time=2025-07-19T11:24:10.143-04:00 level=INFO msg="gRPC request" service=auth-service method=/dungeongate.auth.v1.AuthService/ValidateToken status=OK duration_ms=0
time=2025-07-19T11:24:15.143-04:00 level=INFO msg="gRPC request" service=auth-service method=/dungeongate.auth.v1.AuthService/ValidateToken status=OK duration_ms=0
time=2025-07-19T11:24:20.142-04:00 level=INFO msg="gRPC request" service=auth-service method=/dungeongate.auth.v1.AuthService/ValidateToken status=OK duration_ms=0
time=2025-07-19T11:24:25.143-04:00 level=INFO msg="gRPC request" service=auth-service method=/dungeongate.auth.v1.AuthService/ValidateToken status=OK duration_ms=0
time=2025-07-19T11:24:30.143-04:00 level=INFO msg="gRPC request" service=auth-service method=/dungeongate.auth.v1.AuthService/ValidateToken status=OK duration_ms=0
time=2025-07-19T11:24:35.141-04:00 level=INFO msg="gRPC request" service=auth-service method=/dungeongate.auth.v1.AuthService/ValidateToken status=OK duration_ms=0
time=2025-07-19T11:24:40.142-04:00 level=INFO msg="gRPC request" service=auth-service method=/dungeongate.auth.v1.AuthService/ValidateToken status=OK duration_ms=0
time=2025-07-19T11:24:45.142-04:00 level=INFO msg="gRPC request" service=auth-service method=/dungeongate.auth.v1.AuthService/ValidateToken status=OK duration_ms=0
time=2025-07-19T11:24:50.142-04:00 level=INFO msg="gRPC request" service=auth-service method=/dungeongate.auth.v1.AuthService/ValidateToken status=OK duration_ms=0
time=2025-07-19T11:24:55.143-04:00 level=INFO msg="gRPC request" service=auth-service method=/dungeongate.auth.v1.AuthService/ValidateToken status=OK duration_ms=0
time=2025-07-19T11:25:00.142-04:00 level=INFO msg="gRPC request" service=auth-service method=/dungeongate.auth.v1.AuthService/ValidateToken status=OK duration_ms=0
time=2025-07-19T11:25:05.142-04:00 level=INFO msg="gRPC request" service=auth-service method=/dungeongate.auth.v1.AuthService/ValidateToken status=OK duration_ms=0
time=2025-07-19T11:25:10.141-04:00 level=INFO msg="gRPC request" service=auth-service method=/dungeongate.auth.v1.AuthService/ValidateToken status=OK duration_ms=0
time=2025-07-19T11:25:15.142-04:00 level=INFO msg="gRPC request" service=auth-service method=/dungeongate.auth.v1.AuthService/ValidateToken status=OK duration_ms=0
time=2025-07-19T11:25:20.142-04:00 level=INFO msg="gRPC request" service=auth-service method=/dungeongate.auth.v1.AuthService/ValidateToken status=OK duration_ms=0
time=2025-07-19T11:25:25.142-04:00 level=INFO msg="gRPC request" service=auth-service method=/dungeongate.auth.v1.AuthService/ValidateToken status=OK duration_ms=0
time=2025-07-19T11:25:30.142-04:00 level=INFO msg="gRPC request" service=auth-service method=/dungeongate.auth.v1.AuthService/ValidateToken status=OK duration_ms=0
time=2025-07-19T11:25:35.142-04:00 level=INFO msg="gRPC request" service=auth-service method=/dungeongate.auth.v1.AuthService/ValidateToken status=OK duration_ms=0
time=2025-07-19T11:25:40.141-04:00 level=INFO msg="gRPC request" service=auth-service method=/dungeongate.auth.v1.AuthService/ValidateToken status=OK duration_ms=0
time=2025-07-19T11:25:45.142-04:00 level=INFO msg="gRPC request" service=auth-service method=/dungeongate.auth.v1.AuthService/ValidateToken status=OK duration_ms=0
time=2025-07-19T11:25:50.141-04:00 level=INFO msg="gRPC request" service=auth-service method=/dungeongate.auth.v1.AuthService/ValidateToken status=OK duration_ms=0
time=2025-07-19T11:25:55.142-04:00 level=INFO msg="gRPC request" service=auth-service method=/dungeongate.auth.v1.AuthService/ValidateToken status=OK duration_ms=0
time=2025-07-19T11:26:00.142-04:00 level=INFO msg="gRPC request" service=auth-service method=/dungeongate.auth.v1.AuthService/ValidateToken status=OK duration_ms=0
time=2025-07-19T11:26:05.142-04:00 level=INFO msg="gRPC request" service=auth-service method=/dungeongate.auth.v1.AuthService/ValidateToken status=OK duration_ms=0
time=2025-07-19T11:26:10.142-04:00 level=INFO msg="gRPC request" service=auth-service method=/dungeongate.auth.v1.AuthService/ValidateToken status=OK duration_ms=0
time=2025-07-19T11:26:15.142-04:00 level=INFO msg="gRPC request" service=auth-service method=/dungeongate.auth.v1.AuthService/ValidateToken status=OK duration_ms=0
time=2025-07-19T11:26:20.140-04:00 level=INFO msg="gRPC request" service=auth-service method=/dungeongate.auth.v1.AuthService/ValidateToken status=OK duration_ms=0
time=2025-07-19T11:26:25.141-04:00 level=INFO msg="gRPC request" service=auth-service method=/dungeongate.auth.v1.AuthService/ValidateToken status=OK duration_ms=0
time=2025-07-19T11:26:30.142-04:00 level=INFO msg="gRPC request" service=auth-service method=/dungeongate.auth.v1.AuthService/ValidateToken status=OK duration_ms=0
time=2025-07-19T11:26:35.142-04:00 level=INFO msg="gRPC request" service=auth-service method=/dungeongate.auth.v1.AuthService/ValidateToken status=OK duration_ms=0
time=2025-07-19T11:26:40.140-04:00 level=INFO msg="gRPC request" service=auth-service method=/dungeongate.auth.v1.AuthService/ValidateToken status=OK duration_ms=0
time=2025-07-19T11:26:45.143-04:00 level=INFO msg="gRPC request" service=auth-service method=/dungeongate.auth.v1.AuthService/ValidateToken status=OK duration_ms=0
time=2025-07-19T11:26:50.142-04:00 level=INFO msg="gRPC request" service=auth-service method=/dungeongate.auth.v1.AuthService/ValidateToken status=OK duration_ms=0
time=2025-07-19T11:26:55.142-04:00 level=INFO msg="gRPC request" service=auth-service method=/dungeongate.auth.v1.AuthService/ValidateToken status=OK duration_ms=0
time=2025-07-19T11:27:00.142-04:00 level=INFO msg="gRPC request" service=auth-service method=/dungeongate.auth.v1.AuthService/ValidateToken status=OK duration_ms=0
time=2025-07-19T11:27:05.140-04:00 level=INFO msg="gRPC request" service=auth-service method=/dungeongate.auth.v1.AuthService/ValidateToken status=OK duration_ms=0
time=2025-07-19T11:27:10.140-04:00 level=INFO msg="gRPC request" service=auth-service method=/dungeongate.auth.v1.AuthService/ValidateToken status=OK duration_ms=0
time=2025-07-19T11:27:15.141-04:00 level=INFO msg="gRPC request" service=auth-service method=/dungeongate.auth.v1.AuthService/ValidateToken status=OK duration_ms=0
time=2025-07-19T11:27:20.140-04:00 level=INFO msg="gRPC request" service=auth-service method=/dungeongate.auth.v1.AuthService/ValidateToken status=OK duration_ms=0
time=2025-07-19T11:27:25.141-04:00 level=INFO msg="gRPC request" service=auth-service method=/dungeongate.auth.v1.AuthService/ValidateToken status=OK duration_ms=0
time=2025-07-19T11:27:30.140-04:00 level=INFO msg="gRPC request" service=auth-service method=/dungeongate.auth.v1.AuthService/ValidateToken status=OK duration_ms=0
time=2025-07-19T11:27:35.141-04:00 level=INFO msg="gRPC request" service=auth-service method=/dungeongate.auth.v1.AuthService/ValidateToken status=OK duration_ms=0
time=2025-07-19T11:27:40.139-04:00 level=INFO msg="gRPC request" service=auth-service method=/dungeongate.auth.v1.AuthService/ValidateToken status=OK duration_ms=0
time=2025-07-19T11:27:45.141-04:00 level=INFO msg="gRPC request" service=auth-service method=/dungeongate.auth.v1.AuthService/ValidateToken status=OK duration_ms=0
time=2025-07-19T11:27:50.141-04:00 level=INFO msg="gRPC request" service=auth-service method=/dungeongate.auth.v1.AuthService/ValidateToken status=OK duration_ms=0
time=2025-07-19T11:27:55.141-04:00 level=INFO msg="gRPC request" service=auth-service method=/dungeongate.auth.v1.AuthService/ValidateToken status=OK duration_ms=0
time=2025-07-19T11:28:00.140-04:00 level=INFO msg="gRPC request" service=auth-service method=/dungeongate.auth.v1.AuthService/ValidateToken status=OK duration_ms=0
time=2025-07-19T11:28:05.141-04:00 level=INFO msg="gRPC request" service=auth-service method=/dungeongate.auth.v1.AuthService/ValidateToken status=OK duration_ms=0
time=2025-07-19T11:28:10.140-04:00 level=INFO msg="gRPC request" service=auth-service method=/dungeongate.auth.v1.AuthService/ValidateToken status=OK duration_ms=0
time=2025-07-19T11:28:15.141-04:00 level=INFO msg="gRPC request" service=auth-service method=/dungeongate.auth.v1.AuthService/ValidateToken status=OK duration_ms=0
time=2025-07-19T11:28:20.141-04:00 level=INFO msg="gRPC request" service=auth-service method=/dungeongate.auth.v1.AuthService/ValidateToken status=OK duration_ms=0
time=2025-07-19T11:28:25.140-04:00 level=INFO msg="gRPC request" service=auth-service method=/dungeongate.auth.v1.AuthService/ValidateToken status=OK duration_ms=0
time=2025-07-19T11:28:30.140-04:00 level=INFO msg="gRPC request" service=auth-service method=/dungeongate.auth.v1.AuthService/ValidateToken status=OK duration_ms=0
time=2025-07-19T11:28:35.141-04:00 level=INFO msg="gRPC request" service=auth-service method=/dungeongate.auth.v1.AuthService/ValidateToken status=OK duration_ms=0
time=2025-07-19T11:28:40.141-04:00 level=INFO msg="gRPC request" service=auth-service method=/dungeongate.auth.v1.AuthService/ValidateToken status=OK duration_ms=0
time=2025-07-19T11:28:45.141-04:00 level=INFO msg="gRPC request" service=auth-service method=/dungeongate.auth.v1.AuthService/ValidateToken status=OK duration_ms=0
time=2025-07-19T11:28:50.139-04:00 level=INFO msg="gRPC request" service=auth-service method=/dungeongate.auth.v1.AuthService/ValidateToken status=OK duration_ms=0
time=2025-07-19T11:28:55.141-04:00 level=INFO msg="gRPC request" service=auth-service method=/dungeongate.auth.v1.AuthService/ValidateToken status=OK duration_ms=0
time=2025-07-19T11:29:00.139-04:00 level=INFO msg="gRPC request" service=auth-service method=/dungeongate.auth.v1.AuthService/ValidateToken status=OK duration_ms=0
time=2025-07-19T11:29:05.140-04:00 level=INFO msg="gRPC request" service=auth-service method=/dungeongate.auth.v1.AuthService/ValidateToken status=OK duration_ms=0
time=2025-07-19T11:29:10.140-04:00 level=INFO msg="gRPC request" service=auth-service method=/dungeongate.auth.v1.AuthService/ValidateToken status=OK duration_ms=0
time=2025-07-19T11:29:15.141-04:00 level=INFO msg="gRPC request" service=auth-service method=/dungeongate.auth.v1.AuthService/ValidateToken status=OK duration_ms=0
time=2025-07-19T11:29:20.140-04:00 level=INFO msg="gRPC request" service=auth-service method=/dungeongate.auth.v1.AuthService/ValidateToken status=OK duration_ms=0
time=2025-07-19T11:29:25.140-04:00 level=INFO msg="gRPC request" service=auth-service method=/dungeongate.auth.v1.AuthService/ValidateToken status=OK duration_ms=0
time=2025-07-19T11:29:30.139-04:00 level=INFO msg="gRPC request" service=auth-service method=/dungeongate.auth.v1.AuthService/ValidateToken status=OK duration_ms=0
time=2025-07-19T11:29:35.140-04:00 level=INFO msg="gRPC request" service=auth-service method=/dungeongate.auth.v1.AuthService/ValidateToken status=OK duration_ms=0
time=2025-07-19T11:29:40.140-04:00 level=INFO msg="gRPC request" service=auth-service method=/dungeongate.auth.v1.AuthService/ValidateToken status=OK duration_ms=0
time=2025-07-19T11:29:45.140-04:00 level=INFO msg="gRPC request" service=auth-service method=/dungeongate.auth.v1.AuthService/ValidateToken status=OK duration_ms=0
time=2025-07-19T11:29:50.141-04:00 level=INFO msg="gRPC request" service=auth-service method=/dungeongate.auth.v1.AuthService/ValidateToken status=OK duration_ms=0
time=2025-07-19T11:29:55.140-04:00 level=INFO msg="gRPC request" service=auth-service method=/dungeongate.auth.v1.AuthService/ValidateToken status=OK duration_ms=0
time=2025-07-19T11:30:00.139-04:00 level=INFO msg="gRPC request" service=auth-service method=/dungeongate.auth.v1.AuthService/ValidateToken status=OK duration_ms=0
time=2025-07-19T11:30:05.140-04:00 level=INFO msg="gRPC request" service=auth-service method=/dungeongate.auth.v1.AuthService/ValidateToken status=OK duration_ms=0
time=2025-07-19T11:30:10.139-04:00 level=INFO msg="gRPC request" service=auth-service method=/dungeongate.auth.v1.AuthService/ValidateToken status=OK duration_ms=0
time=2025-07-19T11:30:15.140-04:00 level=INFO msg="gRPC request" service=auth-service method=/dungeongate.auth.v1.AuthService/ValidateToken status=OK duration_ms=0
time=2025-07-19T11:30:20.139-04:00 level=INFO msg="gRPC request" service=auth-service method=/dungeongate.auth.v1.AuthService/ValidateToken status=OK duration_ms=0
time=2025-07-19T11:30:25.140-04:00 level=INFO msg="gRPC request" service=auth-service method=/dungeongate.auth.v1.AuthService/ValidateToken status=OK duration_ms=0
time=2025-07-19T11:30:30.140-04:00 level=INFO msg="gRPC request" service=auth-service method=/dungeongate.auth.v1.AuthService/ValidateToken status=OK duration_ms=0
time=2025-07-19T11:30:35.139-04:00 level=INFO msg="gRPC request" service=auth-service method=/dungeongate.auth.v1.AuthService/ValidateToken status=OK duration_ms=0
time=2025-07-19T11:30:40.140-04:00 level=INFO msg="gRPC request" service=auth-service method=/dungeongate.auth.v1.AuthService/ValidateToken status=OK duration_ms=0
time=2025-07-19T11:30:45.140-04:00 level=INFO msg="gRPC request" service=auth-service method=/dungeongate.auth.v1.AuthService/ValidateToken status=OK duration_ms=0
time=2025-07-19T11:30:50.139-04:00 level=INFO msg="gRPC request" service=auth-service method=/dungeongate.auth.v1.AuthService/ValidateToken status=OK duration_ms=0
time=2025-07-19T11:30:55.140-04:00 level=INFO msg="gRPC request" service=auth-service method=/dungeongate.auth.v1.AuthService/ValidateToken status=OK duration_ms=0
time=2025-07-19T11:31:00.138-04:00 level=INFO msg="gRPC request" service=auth-service method=/dungeongate.auth.v1.AuthService/ValidateToken status=OK duration_ms=0
time=2025-07-19T11:31:05.139-04:00 level=INFO msg="gRPC request" service=auth-service method=/dungeongate.auth.v1.AuthService/ValidateToken status=OK duration_ms=0
time=2025-07-19T11:31:10.139-04:00 level=INFO msg="gRPC request" service=auth-service method=/dungeongate.auth.v1.AuthService/ValidateToken status=OK duration_ms=0
time=2025-07-19T11:31:15.139-04:00 level=INFO msg="gRPC request" service=auth-service method=/dungeongate.auth.v1.AuthService/ValidateToken status=OK duration_ms=0
time=2025-07-19T11:31:20.139-04:00 level=INFO msg="gRPC request" service=auth-service method=/dungeongate.auth.v1.AuthService/ValidateToken status=OK duration_ms=0
time=2025-07-19T11:31:25.139-04:00 level=INFO msg="gRPC request" service=auth-service method=/dungeongate.auth.v1.AuthService/ValidateToken status=OK duration_ms=0
time=2025-07-19T11:31:30.138-04:00 level=INFO msg="gRPC request" service=auth-service method=/dungeongate.auth.v1.AuthService/ValidateToken status=OK duration_ms=0
time=2025-07-19T11:31:35.139-04:00 level=INFO msg="gRPC request" service=auth-service method=/dungeongate.auth.v1.AuthService/ValidateToken status=OK duration_ms=0
time=2025-07-19T11:31:40.139-04:00 level=INFO msg="gRPC request" service=auth-service method=/dungeongate.auth.v1.AuthService/ValidateToken status=OK duration_ms=0
time=2025-07-19T11:31:45.137-04:00 level=INFO msg="gRPC request" service=auth-service method=/dungeongate.auth.v1.AuthService/ValidateToken status=OK duration_ms=0
time=2025-07-19T11:31:50.137-04:00 level=INFO msg="gRPC request" service=auth-service method=/dungeongate.auth.v1.AuthService/ValidateToken status=OK duration_ms=0
time=2025-07-19T11:31:55.137-04:00 level=INFO msg="gRPC request" service=auth-service method=/dungeongate.auth.v1.AuthService/ValidateToken status=OK duration_ms=0
time=2025-07-19T11:32:00.138-04:00 level=INFO msg="gRPC request" service=auth-service method=/dungeongate.auth.v1.AuthService/ValidateToken status=OK duration_ms=0
time=2025-07-19T11:32:05.137-04:00 level=INFO msg="gRPC request" service=auth-service method=/dungeongate.auth.v1.AuthService/ValidateToken status=OK duration_ms=0
time=2025-07-19T11:32:10.139-04:00 level=INFO msg="gRPC request" service=auth-service method=/dungeongate.auth.v1.AuthService/ValidateToken status=OK duration_ms=0
time=2025-07-19T11:32:15.138-04:00 level=INFO msg="gRPC request" service=auth-service method=/dungeongate.auth.v1.AuthService/ValidateToken status=OK duration_ms=0
time=2025-07-19T11:32:20.138-04:00 level=INFO msg="gRPC request" service=auth-service method=/dungeongate.auth.v1.AuthService/ValidateToken status=OK duration_ms=0
time=2025-07-19T11:32:25.138-04:00 level=INFO msg="gRPC request" service=auth-service method=/dungeongate.auth.v1.AuthService/ValidateToken status=OK duration_ms=0
time=2025-07-19T11:32:30.139-04:00 level=INFO msg="gRPC request" service=auth-service method=/dungeongate.auth.v1.AuthService/ValidateToken status=OK duration_ms=0
time=2025-07-19T11:32:35.138-04:00 level=INFO msg="gRPC request" service=auth-service method=/dungeongate.auth.v1.AuthService/ValidateToken status=OK duration_ms=0
time=2025-07-19T11:32:40.139-04:00 level=INFO msg="gRPC request" service=auth-service method=/dungeongate.auth.v1.AuthService/ValidateToken status=OK duration_ms=0
time=2025-07-19T11:32:45.138-04:00 level=INFO msg="gRPC request" service=auth-service method=/dungeongate.auth.v1.AuthService/ValidateToken status=OK duration_ms=0
time=2025-07-19T11:32:50.139-04:00 level=INFO msg="gRPC request" service=auth-service method=/dungeongate.auth.v1.AuthService/ValidateToken status=OK duration_ms=0
time=2025-07-19T11:32:55.139-04:00 level=INFO msg="gRPC request" service=auth-service method=/dungeongate.auth.v1.AuthService/ValidateToken status=OK duration_ms=0
time=2025-07-19T11:33:00.138-04:00 level=INFO msg="gRPC request" service=auth-service method=/dungeongate.auth.v1.AuthService/ValidateToken status=OK duration_ms=0
time=2025-07-19T11:33:05.136-04:00 level=INFO msg="gRPC request" service=auth-service method=/dungeongate.auth.v1.AuthService/ValidateToken status=OK duration_ms=0
time=2025-07-19T11:33:10.139-04:00 level=INFO msg="gRPC request" service=auth-service method=/dungeongate.auth.v1.AuthService/ValidateToken status=OK duration_ms=0
time=2025-07-19T11:33:15.137-04:00 level=INFO msg="gRPC request" service=auth-service method=/dungeongate.auth.v1.AuthService/ValidateToken status=OK duration_ms=0
time=2025-07-19T11:33:20.138-04:00 level=INFO msg="gRPC request" service=auth-service method=/dungeongate.auth.v1.AuthService/ValidateToken status=OK duration_ms=0
time=2025-07-19T11:33:25.137-04:00 level=INFO msg="gRPC request" service=auth-service method=/dungeongate.auth.v1.AuthService/ValidateToken status=OK duration_ms=0
time=2025-07-19T11:33:30.138-04:00 level=INFO msg="gRPC request" service=auth-service method=/dungeongate.auth.v1.AuthService/ValidateToken status=OK duration_ms=0
time=2025-07-19T11:33:35.137-04:00 level=INFO msg="gRPC request" service=auth-service method=/dungeongate.auth.v1.AuthService/ValidateToken status=OK duration_ms=0
time=2025-07-19T11:33:40.138-04:00 level=INFO msg="gRPC request" service=auth-service method=/dungeongate.auth.v1.AuthService/ValidateToken status=OK duration_ms=0
time=2025-07-19T11:33:45.138-04:00 level=INFO msg="gRPC request" service=auth-service method=/dungeongate.auth.v1.AuthService/ValidateToken status=OK duration_ms=0
time=2025-07-19T11:33:50.136-04:00 level=INFO msg="gRPC request" service=auth-service method=/dungeongate.auth.v1.AuthService/ValidateToken status=OK duration_ms=0
time=2025-07-19T11:33:55.138-04:00 level=INFO msg="gRPC request" service=auth-service method=/dungeongate.auth.v1.AuthService/ValidateToken status=OK duration_ms=0
time=2025-07-19T11:34:00.138-04:00 level=INFO msg="gRPC request" service=auth-service method=/dungeongate.auth.v1.AuthService/ValidateToken status=OK duration_ms=0
time=2025-07-19T11:34:05.138-04:00 level=INFO msg="gRPC request" service=auth-service method=/dungeongate.auth.v1.AuthService/ValidateToken status=OK duration_ms=0
time=2025-07-19T11:34:10.138-04:00 level=INFO msg="gRPC request" service=auth-service method=/dungeongate.auth.v1.AuthService/ValidateToken status=OK duration_ms=0
time=2025-07-19T11:34:15.136-04:00 level=INFO msg="gRPC request" service=auth-service method=/dungeongate.auth.v1.AuthService/ValidateToken status=OK duration_ms=0
time=2025-07-19T11:34:20.140-04:00 level=INFO msg="gRPC request" service=auth-service method=/dungeongate.auth.v1.AuthService/ValidateToken status=OK duration_ms=0
time=2025-07-19T11:34:25.143-04:00 level=INFO msg="gRPC request" service=auth-service method=/dungeongate.auth.v1.AuthService/ValidateToken status=OK duration_ms=0
time=2025-07-19T11:34:30.145-04:00 level=INFO msg="gRPC request" service=auth-service method=/dungeongate.auth.v1.AuthService/ValidateToken status=OK duration_ms=0
time=2025-07-19T11:34:35.147-04:00 level=INFO msg="gRPC request" service=auth-service method=/dungeongate.auth.v1.AuthService/ValidateToken status=OK duration_ms=0
time=2025-07-19T11:34:40.148-04:00 level=INFO msg="gRPC request" service=auth-service method=/dungeongate.auth.v1.AuthService/ValidateToken status=OK duration_ms=0
time=2025-07-19T11:34:45.149-04:00 level=INFO msg="gRPC request" service=auth-service method=/dungeongate.auth.v1.AuthService/ValidateToken status=OK duration_ms=0
time=2025-07-19T11:34:50.150-04:00 level=INFO msg="gRPC request" service=auth-service method=/dungeongate.auth.v1.AuthService/ValidateToken status=OK duration_ms=0
time=2025-07-19T11:34:55.150-04:00 level=INFO msg="gRPC request" service=auth-service method=/dungeongate.auth.v1.AuthService/ValidateToken status=OK duration_ms=0
time=2025-07-19T11:35:00.151-04:00 level=INFO msg="gRPC request" service=auth-service method=/dungeongate.auth.v1.AuthService/ValidateToken status=OK duration_ms=0
time=2025-07-19T11:35:05.151-04:00 level=INFO msg="gRPC request" service=auth-service method=/dungeongate.auth.v1.AuthService/ValidateToken status=OK duration_ms=0
time=2025-07-19T11:35:10.151-04:00 level=INFO msg="gRPC request" service=auth-service method=/dungeongate.auth.v1.AuthService/ValidateToken status=OK duration_ms=0
time=2025-07-19T11:35:15.151-04:00 level=INFO msg="gRPC request" service=auth-service method=/dungeongate.auth.v1.AuthService/ValidateToken status=OK duration_ms=0
time=2025-07-19T11:35:20.149-04:00 level=INFO msg="gRPC request" service=auth-service method=/dungeongate.auth.v1.AuthService/ValidateToken status=OK duration_ms=0
time=2025-07-19T11:35:25.149-04:00 level=INFO msg="gRPC request" service=auth-service method=/dungeongate.auth.v1.AuthService/ValidateToken status=OK duration_ms=0
time=2025-07-19T11:35:30.150-04:00 level=INFO msg="gRPC request" service=auth-service method=/dungeongate.auth.v1.AuthService/ValidateToken status=OK duration_ms=0
time=2025-07-19T11:35:35.151-04:00 level=INFO msg="gRPC request" service=auth-service method=/dungeongate.auth.v1.AuthService/ValidateToken status=OK duration_ms=0
time=2025-07-19T11:35:40.151-04:00 level=INFO msg="gRPC request" service=auth-service method=/dungeongate.auth.v1.AuthService/ValidateToken status=OK duration_ms=0
time=2025-07-19T11:35:45.150-04:00 level=INFO msg="gRPC request" service=auth-service method=/dungeongate.auth.v1.AuthService/ValidateToken status=OK duration_ms=0
time=2025-07-19T11:35:50.150-04:00 level=INFO msg="gRPC request" service=auth-service method=/dungeongate.auth.v1.AuthService/ValidateToken status=OK duration_ms=0
time=2025-07-19T11:35:55.151-04:00 level=INFO msg="gRPC request" service=auth-service method=/dungeongate.auth.v1.AuthService/ValidateToken status=OK duration_ms=0
time=2025-07-19T11:36:00.151-04:00 level=INFO msg="gRPC request" service=auth-service method=/dungeongate.auth.v1.AuthService/ValidateToken status=OK duration_ms=0
time=2025-07-19T11:36:05.151-04:00 level=INFO msg="gRPC request" service=auth-service method=/dungeongate.auth.v1.AuthService/ValidateToken status=OK duration_ms=0
time=2025-07-19T11:36:10.151-04:00 level=INFO msg="gRPC request" service=auth-service method=/dungeongate.auth.v1.AuthService/ValidateToken status=OK duration_ms=0
time=2025-07-19T11:36:15.151-04:00 level=INFO msg="gRPC request" service=auth-service method=/dungeongate.auth.v1.AuthService/ValidateToken status=OK duration_ms=0
time=2025-07-19T11:36:20.151-04:00 level=INFO msg="gRPC request" service=auth-service method=/dungeongate.auth.v1.AuthService/ValidateToken status=OK duration_ms=0
time=2025-07-19T11:36:25.151-04:00 level=INFO msg="gRPC request" service=auth-service method=/dungeongate.auth.v1.AuthService/ValidateToken status=OK duration_ms=0
time=2025-07-19T11:36:30.151-04:00 level=INFO msg="gRPC request" service=auth-service method=/dungeongate.auth.v1.AuthService/ValidateToken status=OK duration_ms=0
time=2025-07-19T11:36:35.151-04:00 level=INFO msg="gRPC request" service=auth-service method=/dungeongate.auth.v1.AuthService/ValidateToken status=OK duration_ms=0
time=2025-07-19T11:36:40.151-04:00 level=INFO msg="gRPC request" service=auth-service method=/dungeongate.auth.v1.AuthService/ValidateToken status=OK duration_ms=0
time=2025-07-19T11:36:45.149-04:00 level=INFO msg="gRPC request" service=auth-service method=/dungeongate.auth.v1.AuthService/ValidateToken status=OK duration_ms=0
time=2025-07-19T11:36:50.151-04:00 level=INFO msg="gRPC request" service=auth-service method=/dungeongate.auth.v1.AuthService/ValidateToken status=OK duration_ms=0
time=2025-07-19T11:36:55.151-04:00 level=INFO msg="gRPC request" service=auth-service method=/dungeongate.auth.v1.AuthService/ValidateToken status=OK duration_ms=0
time=2025-07-19T11:37:00.150-04:00 level=INFO msg="gRPC request" service=auth-service method=/dungeongate.auth.v1.AuthService/ValidateToken status=OK duration_ms=0
time=2025-07-19T11:37:05.151-04:00 level=INFO msg="gRPC request" service=auth-service method=/dungeongate.auth.v1.AuthService/ValidateToken status=OK duration_ms=0
time=2025-07-19T11:37:10.150-04:00 level=INFO msg="gRPC request" service=auth-service method=/dungeongate.auth.v1.AuthService/ValidateToken status=OK duration_ms=0
time=2025-07-19T11:37:15.151-04:00 level=INFO msg="gRPC request" service=auth-service method=/dungeongate.auth.v1.AuthService/ValidateToken status=OK duration_ms=0
time=2025-07-19T11:37:20.149-04:00 level=INFO msg="gRPC request" service=auth-service method=/dungeongate.auth.v1.AuthService/ValidateToken status=OK duration_ms=0
time=2025-07-19T11:37:25.151-04:00 level=INFO msg="gRPC request" service=auth-service method=/dungeongate.auth.v1.AuthService/ValidateToken status=OK duration_ms=0
time=2025-07-19T11:37:30.151-04:00 level=INFO msg="gRPC request" service=auth-service method=/dungeongate.auth.v1.AuthService/ValidateToken status=OK duration_ms=0
time=2025-07-19T11:37:35.150-04:00 level=INFO msg="gRPC request" service=auth-service method=/dungeongate.auth.v1.AuthService/ValidateToken status=OK duration_ms=0
time=2025-07-19T11:37:40.151-04:00 level=INFO msg="gRPC request" service=auth-service method=/dungeongate.auth.v1.AuthService/ValidateToken status=OK duration_ms=0
time=2025-07-19T11:37:45.150-04:00 level=INFO msg="gRPC request" service=auth-service method=/dungeongate.auth.v1.AuthService/ValidateToken status=OK duration_ms=0
time=2025-07-19T11:37:50.151-04:00 level=INFO msg="gRPC request" service=auth-service method=/dungeongate.auth.v1.AuthService/ValidateToken status=OK duration_ms=0
time=2025-07-19T11:37:55.151-04:00 level=INFO msg="gRPC request" service=auth-service method=/dungeongate.auth.v1.AuthService/ValidateToken status=OK duration_ms=0
time=2025-07-19T11:38:00.150-04:00 level=INFO msg="gRPC request" service=auth-service method=/dungeongate.auth.v1.AuthService/ValidateToken status=OK duration_ms=0
time=2025-07-19T11:38:05.151-04:00 level=INFO msg="gRPC request" service=auth-service method=/dungeongate.auth.v1.AuthService/ValidateToken status=OK duration_ms=0
time=2025-07-19T11:38:10.149-04:00 level=INFO msg="gRPC request" service=auth-service method=/dungeongate.auth.v1.AuthService/ValidateToken status=OK duration_ms=0
time=2025-07-19T11:38:15.151-04:00 level=INFO msg="gRPC request" service=auth-service method=/dungeongate.auth.v1.AuthService/ValidateToken status=OK duration_ms=0
time=2025-07-19T11:38:20.151-04:00 level=INFO msg="gRPC request" service=auth-service method=/dungeongate.auth.v1.AuthService/ValidateToken status=OK duration_ms=0
time=2025-07-19T11:38:25.150-04:00 level=INFO msg="gRPC request" service=auth-service method=/dungeongate.auth.v1.AuthService/ValidateToken status=OK duration_ms=0
time=2025-07-19T11:38:30.150-04:00 level=INFO msg="gRPC request" service=auth-service method=/dungeongate.auth.v1.AuthService/ValidateToken status=OK duration_ms=0
time=2025-07-19T11:38:35.149-04:00 level=INFO msg="gRPC request" service=auth-service method=/dungeongate.auth.v1.AuthService/ValidateToken status=OK duration_ms=0
time=2025-07-19T11:38:40.151-04:00 level=INFO msg="gRPC request" service=auth-service method=/dungeongate.auth.v1.AuthService/ValidateToken status=OK duration_ms=0
time=2025-07-19T11:38:45.149-04:00 level=INFO msg="gRPC request" service=auth-service method=/dungeongate.auth.v1.AuthService/ValidateToken status=OK duration_ms=0
time=2025-07-19T11:38:50.151-04:00 level=INFO msg="gRPC request" service=auth-service method=/dungeongate.auth.v1.AuthService/ValidateToken status=OK duration_ms=0
time=2025-07-19T11:38:55.151-04:00 level=INFO msg="gRPC request" service=auth-service method=/dungeongate.auth.v1.AuthService/ValidateToken status=OK duration_ms=0
time=2025-07-19T11:39:00.149-04:00 level=INFO msg="gRPC request" service=auth-service method=/dungeongate.auth.v1.AuthService/ValidateToken status=OK duration_ms=0
time=2025-07-19T11:39:05.150-04:00 level=INFO msg="gRPC request" service=auth-service method=/dungeongate.auth.v1.AuthService/ValidateToken status=OK duration_ms=0
time=2025-07-19T11:39:10.150-04:00 level=INFO msg="gRPC request" service=auth-service method=/dungeongate.auth.v1.AuthService/ValidateToken status=OK duration_ms=0
time=2025-07-19T11:39:15.151-04:00 level=INFO msg="gRPC request" service=auth-service method=/dungeongate.auth.v1.AuthService/ValidateToken status=OK duration_ms=0
time=2025-07-19T11:39:20.150-04:00 level=INFO msg="gRPC request" service=auth-service method=/dungeongate.auth.v1.AuthService/ValidateToken status=OK duration_ms=0
time=2025-07-19T11:39:25.151-04:00 level=INFO msg="gRPC request" service=auth-service method=/dungeongate.auth.v1.AuthService/ValidateToken status=OK duration_ms=0
time=2025-07-19T11:39:30.151-04:00 level=INFO msg="gRPC request" service=auth-service method=/dungeongate.auth.v1.AuthService/ValidateToken status=OK duration_ms=0
time=2025-07-19T11:39:35.150-04:00 level=INFO msg="gRPC request" service=auth-service method=/dungeongate.auth.v1.AuthService/ValidateToken status=OK duration_ms=0
time=2025-07-19T11:39:40.150-04:00 level=INFO msg="gRPC request" service=auth-service method=/dungeongate.auth.v1.AuthService/ValidateToken status=OK duration_ms=0
time=2025-07-19T11:39:45.150-04:00 level=INFO msg="gRPC request" service=auth-service method=/dungeongate.auth.v1.AuthService/ValidateToken status=OK duration_ms=0
time=2025-07-19T11:39:50.150-04:00 level=INFO msg="gRPC request" service=auth-service method=/dungeongate.auth.v1.AuthService/ValidateToken status=OK duration_ms=0
time=2025-07-19T11:39:55.149-04:00 level=INFO msg="gRPC request" service=auth-service method=/dungeongate.auth.v1.AuthService/ValidateToken status=OK duration_ms=0
time=2025-07-19T11:40:00.149-04:00 level=INFO msg="gRPC request" service=auth-service method=/dungeongate.auth.v1.AuthService/ValidateToken status=OK duration_ms=0
time=2025-07-19T11:40:05.150-04:00 level=INFO msg="gRPC request" service=auth-service method=/dungeongate.auth.v1.AuthService/ValidateToken status=OK duration_ms=0
time=2025-07-19T11:40:10.148-04:00 level=INFO msg="gRPC request" service=auth-service method=/dungeongate.auth.v1.AuthService/ValidateToken status=OK duration_ms=0
time=2025-07-19T11:40:15.150-04:00 level=INFO msg="gRPC request" service=auth-service method=/dungeongate.auth.v1.AuthService/ValidateToken status=OK duration_ms=0
time=2025-07-19T11:40:20.150-04:00 level=INFO msg="gRPC request" service=auth-service method=/dungeongate.auth.v1.AuthService/ValidateToken status=OK duration_ms=0
time=2025-07-19T11:40:25.150-04:00 level=INFO msg="gRPC request" service=auth-service method=/dungeongate.auth.v1.AuthService/ValidateToken status=OK duration_ms=0
time=2025-07-19T11:40:30.150-04:00 level=INFO msg="gRPC request" service=auth-service method=/dungeongate.auth.v1.AuthService/ValidateToken status=OK duration_ms=0
time=2025-07-19T11:40:35.150-04:00 level=INFO msg="gRPC request" service=auth-service method=/dungeongate.auth.v1.AuthService/ValidateToken status=OK duration_ms=0
time=2025-07-19T11:40:40.149-04:00 level=INFO msg="gRPC request" service=auth-service method=/dungeongate.auth.v1.AuthService/ValidateToken status=OK duration_ms=0
time=2025-07-19T11:40:45.150-04:00 level=INFO msg="gRPC request" service=auth-service method=/dungeongate.auth.v1.AuthService/ValidateToken status=OK duration_ms=0
time=2025-07-19T11:40:50.148-04:00 level=INFO msg="gRPC request" service=auth-service method=/dungeongate.auth.v1.AuthService/ValidateToken status=OK duration_ms=0
time=2025-07-19T11:40:55.149-04:00 level=INFO msg="gRPC request" service=auth-service method=/dungeongate.auth.v1.AuthService/ValidateToken status=OK duration_ms=0
time=2025-07-19T11:41:00.150-04:00 level=INFO msg="gRPC request" service=auth-service method=/dungeongate.auth.v1.AuthService/ValidateToken status=OK duration_ms=0
time=2025-07-19T11:41:05.150-04:00 level=INFO msg="gRPC request" service=auth-service method=/dungeongate.auth.v1.AuthService/ValidateToken status=OK duration_ms=0
time=2025-07-19T11:41:10.150-04:00 level=INFO msg="gRPC request" service=auth-service method=/dungeongate.auth.v1.AuthService/ValidateToken status=OK duration_ms=0
time=2025-07-19T11:41:15.148-04:00 level=INFO msg="gRPC request" service=auth-service method=/dungeongate.auth.v1.AuthService/ValidateToken status=OK duration_ms=0
time=2025-07-19T11:41:20.150-04:00 level=INFO msg="gRPC request" service=auth-service method=/dungeongate.auth.v1.AuthService/ValidateToken status=OK duration_ms=0
time=2025-07-19T11:41:25.148-04:00 level=INFO msg="gRPC request" service=auth-service method=/dungeongate.auth.v1.AuthService/ValidateToken status=OK duration_ms=0
time=2025-07-19T11:41:30.150-04:00 level=INFO msg="gRPC request" service=auth-service method=/dungeongate.auth.v1.AuthService/ValidateToken status=OK duration_ms=0
time=2025-07-19T11:41:35.148-04:00 level=INFO msg="gRPC request" service=auth-service method=/dungeongate.auth.v1.AuthService/ValidateToken status=OK duration_ms=0
time=2025-07-19T11:41:40.149-04:00 level=INFO msg="gRPC request" service=auth-service method=/dungeongate.auth.v1.AuthService/ValidateToken status=OK duration_ms=0
time=2025-07-19T11:41:45.148-04:00 level=INFO msg="gRPC request" service=auth-service method=/dungeongate.auth.v1.AuthService/ValidateToken status=OK duration_ms=0
time=2025-07-19T11:41:50.149-04:00 level=INFO msg="gRPC request" service=auth-service method=/dungeongate.auth.v1.AuthService/ValidateToken status=OK duration_ms=0
time=2025-07-19T11:41:55.150-04:00 level=INFO msg="gRPC request" service=auth-service method=/dungeongate.auth.v1.AuthService/ValidateToken status=OK duration_ms=0
time=2025-07-19T11:42:00.149-04:00 level=INFO msg="gRPC request" service=auth-service method=/dungeongate.auth.v1.AuthService/ValidateToken status=OK duration_ms=0
time=2025-07-19T11:42:05.148-04:00 level=INFO msg="gRPC request" service=auth-service method=/dungeongate.auth.v1.AuthService/ValidateToken status=OK duration_ms=0
time=2025-07-19T11:42:10.149-04:00 level=INFO msg="gRPC request" service=auth-service method=/dungeongate.auth.v1.AuthService/ValidateToken status=OK duration_ms=0
time=2025-07-19T11:42:15.148-04:00 level=INFO msg="gRPC request" service=auth-service method=/dungeongate.auth.v1.AuthService/ValidateToken status=OK duration_ms=0
time=2025-07-19T11:42:20.149-04:00 level=INFO msg="gRPC request" service=auth-service method=/dungeongate.auth.v1.AuthService/ValidateToken status=OK duration_ms=0
time=2025-07-19T11:42:25.150-04:00 level=INFO msg="gRPC request" service=auth-service method=/dungeongate.auth.v1.AuthService/ValidateToken status=OK duration_ms=0
time=2025-07-19T11:42:30.149-04:00 level=INFO msg="gRPC request" service=auth-service method=/dungeongate.auth.v1.AuthService/ValidateToken status=OK duration_ms=0
time=2025-07-19T11:42:35.148-04:00 level=INFO msg="gRPC request" service=auth-service method=/dungeongate.auth.v1.AuthService/ValidateToken status=OK duration_ms=0
time=2025-07-19T11:42:40.149-04:00 level=INFO msg="gRPC request" service=auth-service method=/dungeongate.auth.v1.AuthService/ValidateToken status=OK duration_ms=0
time=2025-07-19T11:42:45.149-04:00 level=INFO msg="gRPC request" service=auth-service method=/dungeongate.auth.v1.AuthService/ValidateToken status=OK duration_ms=0
time=2025-07-19T11:42:50.148-04:00 level=INFO msg="gRPC request" service=auth-service method=/dungeongate.auth.v1.AuthService/ValidateToken status=OK duration_ms=0
time=2025-07-19T11:42:55.149-04:00 level=INFO msg="gRPC request" service=auth-service method=/dungeongate.auth.v1.AuthService/ValidateToken status=OK duration_ms=0
time=2025-07-19T11:43:00.149-04:00 level=INFO msg="gRPC request" service=auth-service method=/dungeongate.auth.v1.AuthService/ValidateToken status=OK duration_ms=0
time=2025-07-19T11:43:05.149-04:00 level=INFO msg="gRPC request" service=auth-service method=/dungeongate.auth.v1.AuthService/ValidateToken status=OK duration_ms=0
time=2025-07-19T11:43:10.150-04:00 level=INFO msg="gRPC request" service=auth-service method=/dungeongate.auth.v1.AuthService/ValidateToken status=OK duration_ms=0
time=2025-07-19T11:43:15.149-04:00 level=INFO msg="gRPC request" service=auth-service method=/dungeongate.auth.v1.AuthService/ValidateToken status=OK duration_ms=0
time=2025-07-19T11:43:20.147-04:00 level=INFO msg="gRPC request" service=auth-service method=/dungeongate.auth.v1.AuthService/ValidateToken status=OK duration_ms=0
time=2025-07-19T11:43:25.149-04:00 level=INFO msg="gRPC request" service=auth-service method=/dungeongate.auth.v1.AuthService/ValidateToken status=OK duration_ms=0
time=2025-07-19T11:43:30.148-04:00 level=INFO msg="gRPC request" service=auth-service method=/dungeongate.auth.v1.AuthService/ValidateToken status=OK duration_ms=0
time=2025-07-19T11:43:35.148-04:00 level=INFO msg="gRPC request" service=auth-service method=/dungeongate.auth.v1.AuthService/ValidateToken status=OK duration_ms=0
time=2025-07-19T11:43:40.148-04:00 level=INFO msg="gRPC request" service=auth-service method=/dungeongate.auth.v1.AuthService/ValidateToken status=OK duration_ms=0
time=2025-07-19T11:43:45.149-04:00 level=INFO msg="gRPC request" service=auth-service method=/dungeongate.auth.v1.AuthService/ValidateToken status=OK duration_ms=0
time=2025-07-19T11:43:50.149-04:00 level=INFO msg="gRPC request" service=auth-service method=/dungeongate.auth.v1.AuthService/ValidateToken status=OK duration_ms=0
time=2025-07-19T11:43:55.149-04:00 level=INFO msg="gRPC request" service=auth-service method=/dungeongate.auth.v1.AuthService/ValidateToken status=OK duration_ms=0
time=2025-07-19T11:44:00.150-04:00 level=INFO msg="gRPC request" service=auth-service method=/dungeongate.auth.v1.AuthService/ValidateToken status=OK duration_ms=0
time=2025-07-19T11:44:05.148-04:00 level=INFO msg="gRPC request" service=auth-service method=/dungeongate.auth.v1.AuthService/ValidateToken status=OK duration_ms=0
time=2025-07-19T11:44:10.148-04:00 level=INFO msg="gRPC request" service=auth-service method=/dungeongate.auth.v1.AuthService/ValidateToken status=OK duration_ms=0
time=2025-07-19T11:44:15.149-04:00 level=INFO msg="gRPC request" service=auth-service method=/dungeongate.auth.v1.AuthService/ValidateToken status=OK duration_ms=0
time=2025-07-19T11:44:20.148-04:00 level=INFO msg="gRPC request" service=auth-service method=/dungeongate.auth.v1.AuthService/ValidateToken status=OK duration_ms=0
time=2025-07-19T11:44:25.149-04:00 level=INFO msg="gRPC request" service=auth-service method=/dungeongate.auth.v1.AuthService/ValidateToken status=OK duration_ms=0
time=2025-07-19T11:44:30.149-04:00 level=INFO msg="gRPC request" service=auth-service method=/dungeongate.auth.v1.AuthService/ValidateToken status=OK duration_ms=0
time=2025-07-19T11:44:35.149-04:00 level=INFO msg="gRPC request" service=auth-service method=/dungeongate.auth.v1.AuthService/ValidateToken status=OK duration_ms=0
time=2025-07-19T11:44:40.147-04:00 level=INFO msg="gRPC request" service=auth-service method=/dungeongate.auth.v1.AuthService/ValidateToken status=OK duration_ms=0
time=2025-07-19T11:44:45.149-04:00 level=INFO msg="gRPC request" service=auth-service method=/dungeongate.auth.v1.AuthService/ValidateToken status=OK duration_ms=0
time=2025-07-19T11:44:50.149-04:00 level=INFO msg="gRPC request" service=auth-service method=/dungeongate.auth.v1.AuthService/ValidateToken status=OK duration_ms=0
time=2025-07-19T11:44:55.148-04:00 level=INFO msg="gRPC request" service=auth-service method=/dungeongate.auth.v1.AuthService/ValidateToken status=OK duration_ms=0
time=2025-07-19T11:45:00.149-04:00 level=INFO msg="gRPC request" service=auth-service method=/dungeongate.auth.v1.AuthService/ValidateToken status=OK duration_ms=0
time=2025-07-19T11:45:05.149-04:00 level=INFO msg="gRPC request" service=auth-service method=/dungeongate.auth.v1.AuthService/ValidateToken status=OK duration_ms=0
time=2025-07-19T11:45:10.148-04:00 level=INFO msg="gRPC request" service=auth-service method=/dungeongate.auth.v1.AuthService/ValidateToken status=OK duration_ms=0
time=2025-07-19T11:45:15.149-04:00 level=INFO msg="gRPC request" service=auth-service method=/dungeongate.auth.v1.AuthService/ValidateToken status=OK duration_ms=0
time=2025-07-19T11:45:20.149-04:00 level=INFO msg="gRPC request" service=auth-service method=/dungeongate.auth.v1.AuthService/ValidateToken status=OK duration_ms=0
time=2025-07-19T11:45:25.147-04:00 level=INFO msg="gRPC request" service=auth-service method=/dungeongate.auth.v1.AuthService/ValidateToken status=OK duration_ms=0
time=2025-07-19T11:45:30.149-04:00 level=INFO msg="gRPC request" service=auth-service method=/dungeongate.auth.v1.AuthService/ValidateToken status=OK duration_ms=0
time=2025-07-19T11:45:35.148-04:00 level=INFO msg="gRPC request" service=auth-service method=/dungeongate.auth.v1.AuthService/ValidateToken status=OK duration_ms=0
time=2025-07-19T11:45:40.149-04:00 level=INFO msg="gRPC request" service=auth-service method=/dungeongate.auth.v1.AuthService/ValidateToken status=OK duration_ms=0
time=2025-07-19T11:45:45.148-04:00 level=INFO msg="gRPC request" service=auth-service method=/dungeongate.auth.v1.AuthService/ValidateToken status=OK duration_ms=0
time=2025-07-19T11:45:50.147-04:00 level=INFO msg="gRPC request" service=auth-service method=/dungeongate.auth.v1.AuthService/ValidateToken status=OK duration_ms=0
time=2025-07-19T11:45:55.148-04:00 level=INFO msg="gRPC request" service=auth-service method=/dungeongate.auth.v1.AuthService/ValidateToken status=OK duration_ms=0
time=2025-07-19T11:46:00.149-04:00 level=INFO msg="gRPC request" service=auth-service method=/dungeongate.auth.v1.AuthService/ValidateToken status=OK duration_ms=0
time=2025-07-19T11:46:05.149-04:00 level=INFO msg="gRPC request" service=auth-service method=/dungeongate.auth.v1.AuthService/ValidateToken status=OK duration_ms=0
time=2025-07-19T11:46:10.147-04:00 level=INFO msg="gRPC request" service=auth-service method=/dungeongate.auth.v1.AuthService/ValidateToken status=OK duration_ms=0
time=2025-07-19T11:46:15.148-04:00 level=INFO msg="gRPC request" service=auth-service method=/dungeongate.auth.v1.AuthService/ValidateToken status=OK duration_ms=0
time=2025-07-19T11:46:20.950-04:00 level=INFO msg="gRPC request" service=auth-service method=/dungeongate.auth.v1.AuthService/ValidateToken status=OK duration_ms=0
time=2025-07-19T11:46:25.950-04:00 level=INFO msg="gRPC request" service=auth-service method=/dungeongate.auth.v1.AuthService/ValidateToken status=OK duration_ms=0
time=2025-07-19T11:46:30.949-04:00 level=INFO msg="gRPC request" service=auth-service method=/dungeongate.auth.v1.AuthService/ValidateToken status=OK duration_ms=0
time=2025-07-19T11:46:35.949-04:00 level=INFO msg="gRPC request" service=auth-service method=/dungeongate.auth.v1.AuthService/ValidateToken status=OK duration_ms=0
time=2025-07-19T11:46:40.948-04:00 level=INFO msg="gRPC request" service=auth-service method=/dungeongate.auth.v1.AuthService/ValidateToken status=OK duration_ms=0
time=2025-07-19T11:46:45.948-04:00 level=INFO msg="gRPC request" service=auth-service method=/dungeongate.auth.v1.AuthService/ValidateToken status=OK duration_ms=0
time=2025-07-19T11:46:50.947-04:00 level=INFO msg="gRPC request" service=auth-service method=/dungeongate.auth.v1.AuthService/ValidateToken status=OK duration_ms=0
time=2025-07-19T11:46:55.948-04:00 level=INFO msg="gRPC request" service=auth-service method=/dungeongate.auth.v1.AuthService/ValidateToken status=OK duration_ms=0
time=2025-07-19T11:47:00.946-04:00 level=INFO msg="gRPC request" service=auth-service method=/dungeongate.auth.v1.AuthService/ValidateToken status=OK duration_ms=0
time=2025-07-19T11:47:05.947-04:00 level=INFO msg="gRPC request" service=auth-service method=/dungeongate.auth.v1.AuthService/ValidateToken status=OK duration_ms=0
time=2025-07-19T12:02:24.359-04:00 level=INFO msg="gRPC request" service=auth-service method=/dungeongate.auth.v1.AuthService/ValidateToken status=OK duration_ms=0
time=2025-07-19T12:02:29.370-04:00 level=INFO msg="gRPC request" service=auth-service method=/dungeongate.auth.v1.AuthService/ValidateToken status=OK duration_ms=0
time=2025-07-19T12:02:34.377-04:00 level=INFO msg="gRPC request" service=auth-service method=/dungeongate.auth.v1.AuthService/ValidateToken status=OK duration_ms=0
time=2025-07-19T12:02:39.384-04:00 level=INFO msg="gRPC request" service=auth-service method=/dungeongate.auth.v1.AuthService/ValidateToken status=OK duration_ms=0
time=2025-07-19T12:02:44.388-04:00 level=INFO msg="gRPC request" service=auth-service method=/dungeongate.auth.v1.AuthService/ValidateToken status=OK duration_ms=0
time=2025-07-19T12:02:49.391-04:00 level=INFO msg="gRPC request" service=auth-service method=/dungeongate.auth.v1.AuthService/ValidateToken status=OK duration_ms=0
time=2025-07-19T12:02:54.393-04:00 level=INFO msg="gRPC request" service=auth-service method=/dungeongate.auth.v1.AuthService/ValidateToken status=OK duration_ms=0
time=2025-07-19T12:02:59.395-04:00 level=INFO msg="gRPC request" service=auth-service method=/dungeongate.auth.v1.AuthService/ValidateToken status=OK duration_ms=0
time=2025-07-19T12:03:04.395-04:00 level=INFO msg="gRPC request" service=auth-service method=/dungeongate.auth.v1.AuthService/ValidateToken status=OK duration_ms=0
time=2025-07-19T12:09:21.090-04:00 level=INFO msg="gRPC request" service=auth-service method=/dungeongate.auth.v1.AuthService/ValidateToken status=OK duration_ms=0
time=2025-07-19T12:09:26.091-04:00 level=INFO msg="gRPC request" service=auth-service method=/dungeongate.auth.v1.AuthService/ValidateToken status=OK duration_ms=0
time=2025-07-19T12:09:31.091-04:00 level=INFO msg="gRPC request" service=auth-service method=/dungeongate.auth.v1.AuthService/ValidateToken status=OK duration_ms=0
time=2025-07-19T12:09:36.092-04:00 level=INFO msg="gRPC request" service=auth-service method=/dungeongate.auth.v1.AuthService/ValidateToken status=OK duration_ms=0
time=2025-07-19T12:09:41.092-04:00 level=INFO msg="gRPC request" service=auth-service method=/dungeongate.auth.v1.AuthService/ValidateToken status=OK duration_ms=0
time=2025-07-19T12:09:46.092-04:00 level=INFO msg="gRPC request" service=auth-service method=/dungeongate.auth.v1.AuthService/ValidateToken status=OK duration_ms=0
time=2025-07-19T12:09:51.092-04:00 level=INFO msg="gRPC request" service=auth-service method=/dungeongate.auth.v1.AuthService/ValidateToken status=OK duration_ms=0
time=2025-07-19T12:09:56.091-04:00 level=INFO msg="gRPC request" service=auth-service method=/dungeongate.auth.v1.AuthService/ValidateToken status=OK duration_ms=0
time=2025-07-19T12:10:01.091-04:00 level=INFO msg="gRPC request" service=auth-service method=/dungeongate.auth.v1.AuthService/ValidateToken status=OK duration_ms=0
time=2025-07-19T12:10:06.091-04:00 level=INFO msg="gRPC request" service=auth-service method=/dungeongate.auth.v1.AuthService/ValidateToken status=OK duration_ms=0
time=2025-07-19T12:10:11.092-04:00 level=INFO msg="gRPC request" service=auth-service method=/dungeongate.auth.v1.AuthService/ValidateToken status=OK duration_ms=0
time=2025-07-19T12:10:16.093-04:00 level=INFO msg="gRPC request" service=auth-service method=/dungeongate.auth.v1.AuthService/ValidateToken status=OK duration_ms=0
time=2025-07-19T12:10:21.092-04:00 level=INFO msg="gRPC request" service=auth-service method=/dungeongate.auth.v1.AuthService/ValidateToken status=OK duration_ms=0
time=2025-07-19T12:10:26.092-04:00 level=INFO msg="gRPC request" service=auth-service method=/dungeongate.auth.v1.AuthService/ValidateToken status=OK duration_ms=0
time=2025-07-19T12:10:31.092-04:00 level=INFO msg="gRPC request" service=auth-service method=/dungeongate.auth.v1.AuthService/ValidateToken status=OK duration_ms=0
time=2025-07-19T12:10:36.093-04:00 level=INFO msg="gRPC request" service=auth-service method=/dungeongate.auth.v1.AuthService/ValidateToken status=OK duration_ms=0
time=2025-07-19T12:10:40.405-04:00 level=INFO msg="Shutting down gracefully..." service=auth-service
time=2025-07-19T12:10:40.405-04:00 level=INFO msg="Stopping metrics server" service=auth-service
time=2025-07-19T12:10:40.405-04:00 level=ERROR msg="Failed to start metrics server" service=auth-service error="http: Server closed"
time=2025-07-19T12:10:40.405-04:00 level=INFO msg="Auth Service stopped" service=auth-service
