time=2025-07-19T11:07:20.146-04:00 level=INFO msg="Metrics server starting" service=session-service port=8085
time=2025-07-19T11:07:20.146-04:00 level=INFO msg="Starting metrics server" service=session-service port=8085
time=2025-07-19T11:07:20.147-04:00 level=INFO msg="Starting Session Service" service=session-service
time=2025-07-19T11:07:20.147-04:00 level=INFO msg="Starting connection manager" service=session-service max_connections=1000
time=2025-07-19T11:07:20.147-04:00 level=INFO msg="Streaming manager starting" service=session-service
time=2025-07-19T11:07:20.147-04:00 level=INFO msg="Session Service started successfully" service=session-service
time=2025-07-19T11:07:20.147-04:00 level=INFO msg="Session Service started" service=session-service ssh_port=2222 http_port=8083 grpc_port=9083 max_connections=1000
time=2025-07-19T11:07:20.147-04:00 level=INFO msg="HTTP server starting" service=session-service address=0.0.0.0:8083
time=2025-07-19T11:07:20.147-04:00 level=INFO msg="gRPC server starting" service=session-service address=0.0.0.0:9083
time=2025-07-19T11:07:20.148-04:00 level=INFO msg="SSH server starting" service=session-service address=localhost:2222
time=2025-07-19T11:07:20.148-04:00 level=INFO msg="Starting connection manager" service=session-service max_connections=1000
time=2025-07-19T11:07:20.150-04:00 level=WARN msg="Service health check" service=session-service auth_service=available game_service=unavailable status=degraded
time=2025-07-19T11:07:25.157-04:00 level=INFO msg="Service health check" service=session-service auth_service=available game_service=available status=all_healthy
time=2025-07-19T11:07:30.151-04:00 level=INFO msg="Service health check" service=session-service auth_service=available game_service=available status=all_healthy
time=2025-07-19T11:07:35.151-04:00 level=INFO msg="Service health check" service=session-service auth_service=available game_service=available status=all_healthy
time=2025-07-19T11:07:40.151-04:00 level=INFO msg="Service health check" service=session-service auth_service=available game_service=available status=all_healthy
time=2025-07-19T11:07:45.150-04:00 level=INFO msg="Service health check" service=session-service auth_service=available game_service=available status=all_healthy
time=2025-07-19T11:07:50.151-04:00 level=INFO msg="Service health check" service=session-service auth_service=available game_service=available status=all_healthy
time=2025-07-19T11:07:53.435-04:00 level=INFO msg="Connection registered (stateless)" service=session-service connection_id=727a6cfc-8d5b-4250-b70c-1b50b4e4bb01 remote_addr=127.0.0.1:56278 active_count=1
time=2025-07-19T11:07:55.151-04:00 level=INFO msg="Service health check" service=session-service auth_service=available game_service=available status=all_healthy
time=2025-07-19T11:07:55.802-04:00 level=INFO msg="SSH authentication successful" service=session-service username=dungeongate method=config_password
time=2025-07-19T11:07:55.803-04:00 level=INFO msg="SSH connection established" service=session-service connection_id=727a6cfc-8d5b-4250-b70c-1b50b4e4bb01 user=dungeongate
time=2025-07-19T11:08:00.150-04:00 level=INFO msg="Service health check" service=session-service auth_service=available game_service=available status=all_healthy
time=2025-07-19T11:08:03.063-04:00 level=ERROR msg="Invalid login response" service=session-service username=q
time=2025-07-19T11:08:05.067-04:00 level=INFO msg="Connection unregistered (stateless)" service=session-service connection_id=727a6cfc-8d5b-4250-b70c-1b50b4e4bb01 active_count=0
time=2025-07-19T11:08:05.150-04:00 level=INFO msg="Service health check" service=session-service auth_service=available game_service=available status=all_healthy
time=2025-07-19T11:08:08.628-04:00 level=INFO msg="Connection registered (stateless)" service=session-service connection_id=12b52e10-ff3d-40a4-9198-a167422402a5 remote_addr=127.0.0.1:56306 active_count=1
time=2025-07-19T11:08:10.151-04:00 level=INFO msg="Service health check" service=session-service auth_service=available game_service=available status=all_healthy
time=2025-07-19T11:08:11.979-04:00 level=INFO msg="SSH authentication successful" service=session-service username=dungeongate method=config_password
time=2025-07-19T11:08:11.979-04:00 level=INFO msg="SSH connection established" service=session-service connection_id=12b52e10-ff3d-40a4-9198-a167422402a5 user=dungeongate
time=2025-07-19T11:08:12.696-04:00 level=INFO msg="Connection unregistered (stateless)" service=session-service connection_id=12b52e10-ff3d-40a4-9198-a167422402a5 active_count=0
time=2025-07-19T11:08:15.114-04:00 level=INFO msg="Connection registered (stateless)" service=session-service connection_id=47e1f019-bf83-4ebd-b11e-0efc49f724bb remote_addr=127.0.0.1:56325 active_count=1
time=2025-07-19T11:08:15.151-04:00 level=INFO msg="Service health check" service=session-service auth_service=available game_service=available status=all_healthy
time=2025-07-19T11:08:16.480-04:00 level=INFO msg="SSH authentication successful" service=session-service username=dungeongate method=config_password
time=2025-07-19T11:08:16.480-04:00 level=INFO msg="SSH connection established" service=session-service connection_id=47e1f019-bf83-4ebd-b11e-0efc49f724bb user=dungeongate
time=2025-07-19T11:08:16.511-04:00 level=INFO msg="DGAUTH authentication successful" service=session-service username=yellow user_id=4
time=2025-07-19T11:08:17.469-04:00 level=INFO msg="Connection unregistered (stateless)" service=session-service connection_id=47e1f019-bf83-4ebd-b11e-0efc49f724bb active_count=0
time=2025-07-19T11:08:20.150-04:00 level=INFO msg="Service health check" service=session-service auth_service=available game_service=available status=all_healthy
time=2025-07-19T11:08:25.150-04:00 level=INFO msg="Service health check" service=session-service auth_service=available game_service=available status=all_healthy
time=2025-07-19T11:08:30.150-04:00 level=INFO msg="Service health check" service=session-service auth_service=available game_service=available status=all_healthy
time=2025-07-19T11:08:35.149-04:00 level=INFO msg="Service health check" service=session-service auth_service=available game_service=available status=all_healthy
time=2025-07-19T11:08:40.151-04:00 level=INFO msg="Service health check" service=session-service auth_service=available game_service=available status=all_healthy
time=2025-07-19T11:08:45.151-04:00 level=INFO msg="Service health check" service=session-service auth_service=available game_service=available status=all_healthy
time=2025-07-19T11:08:50.149-04:00 level=INFO msg="Service health check" service=session-service auth_service=available game_service=available status=all_healthy
time=2025-07-19T11:08:55.152-04:00 level=INFO msg="Service health check" service=session-service auth_service=available game_service=available status=all_healthy
time=2025-07-19T11:09:00.149-04:00 level=INFO msg="Service health check" service=session-service auth_service=available game_service=available status=all_healthy
time=2025-07-19T11:09:05.150-04:00 level=INFO msg="Service health check" service=session-service auth_service=available game_service=available status=all_healthy
time=2025-07-19T11:09:10.151-04:00 level=INFO msg="Service health check" service=session-service auth_service=available game_service=available status=all_healthy
time=2025-07-19T11:09:15.151-04:00 level=INFO msg="Service health check" service=session-service auth_service=available game_service=available status=all_healthy
time=2025-07-19T11:09:20.149-04:00 level=INFO msg="Service health check" service=session-service auth_service=available game_service=available status=all_healthy
time=2025-07-19T11:09:25.151-04:00 level=INFO msg="Service health check" service=session-service auth_service=available game_service=available status=all_healthy
time=2025-07-19T11:09:30.151-04:00 level=INFO msg="Service health check" service=session-service auth_service=available game_service=available status=all_healthy
time=2025-07-19T11:09:35.149-04:00 level=INFO msg="Service health check" service=session-service auth_service=available game_service=available status=all_healthy
time=2025-07-19T11:09:40.151-04:00 level=INFO msg="Service health check" service=session-service auth_service=available game_service=available status=all_healthy
time=2025-07-19T11:09:45.150-04:00 level=INFO msg="Service health check" service=session-service auth_service=available game_service=available status=all_healthy
time=2025-07-19T11:09:50.149-04:00 level=INFO msg="Service health check" service=session-service auth_service=available game_service=available status=all_healthy
time=2025-07-19T11:09:55.149-04:00 level=INFO msg="Service health check" service=session-service auth_service=available game_service=available status=all_healthy
time=2025-07-19T11:10:00.150-04:00 level=INFO msg="Service health check" service=session-service auth_service=available game_service=available status=all_healthy
time=2025-07-19T11:10:05.149-04:00 level=INFO msg="Service health check" service=session-service auth_service=available game_service=available status=all_healthy
time=2025-07-19T11:10:10.150-04:00 level=INFO msg="Service health check" service=session-service auth_service=available game_service=available status=all_healthy
time=2025-07-19T11:10:15.149-04:00 level=INFO msg="Service health check" service=session-service auth_service=available game_service=available status=all_healthy
time=2025-07-19T11:10:20.151-04:00 level=INFO msg="Service health check" service=session-service auth_service=available game_service=available status=all_healthy
time=2025-07-19T11:10:25.150-04:00 level=INFO msg="Service health check" service=session-service auth_service=available game_service=available status=all_healthy
time=2025-07-19T11:10:30.149-04:00 level=INFO msg="Service health check" service=session-service auth_service=available game_service=available status=all_healthy
time=2025-07-19T11:10:35.150-04:00 level=INFO msg="Service health check" service=session-service auth_service=available game_service=available status=all_healthy
time=2025-07-19T11:10:40.150-04:00 level=INFO msg="Service health check" service=session-service auth_service=available game_service=available status=all_healthy
time=2025-07-19T11:10:45.149-04:00 level=INFO msg="Service health check" service=session-service auth_service=available game_service=available status=all_healthy
time=2025-07-19T11:10:50.150-04:00 level=INFO msg="Service health check" service=session-service auth_service=available game_service=available status=all_healthy
time=2025-07-19T11:10:55.150-04:00 level=INFO msg="Service health check" service=session-service auth_service=available game_service=available status=all_healthy
time=2025-07-19T11:11:00.149-04:00 level=INFO msg="Service health check" service=session-service auth_service=available game_service=available status=all_healthy
time=2025-07-19T11:11:05.149-04:00 level=INFO msg="Service health check" service=session-service auth_service=available game_service=available status=all_healthy
time=2025-07-19T11:11:10.150-04:00 level=INFO msg="Service health check" service=session-service auth_service=available game_service=available status=all_healthy
time=2025-07-19T11:11:15.150-04:00 level=INFO msg="Service health check" service=session-service auth_service=available game_service=available status=all_healthy
time=2025-07-19T11:11:20.148-04:00 level=INFO msg="Service health check" service=session-service auth_service=available game_service=available status=all_healthy
time=2025-07-19T11:11:25.150-04:00 level=INFO msg="Service health check" service=session-service auth_service=available game_service=available status=all_healthy
time=2025-07-19T11:11:30.150-04:00 level=INFO msg="Service health check" service=session-service auth_service=available game_service=available status=all_healthy
time=2025-07-19T11:11:35.149-04:00 level=INFO msg="Service health check" service=session-service auth_service=available game_service=available status=all_healthy
time=2025-07-19T11:11:40.149-04:00 level=INFO msg="Service health check" service=session-service auth_service=available game_service=available status=all_healthy
time=2025-07-19T11:11:45.149-04:00 level=INFO msg="Service health check" service=session-service auth_service=available game_service=available status=all_healthy
time=2025-07-19T11:11:50.149-04:00 level=INFO msg="Service health check" service=session-service auth_service=available game_service=available status=all_healthy
time=2025-07-19T11:11:55.150-04:00 level=INFO msg="Service health check" service=session-service auth_service=available game_service=available status=all_healthy
time=2025-07-19T11:12:00.148-04:00 level=INFO msg="Service health check" service=session-service auth_service=available game_service=available status=all_healthy
time=2025-07-19T11:12:05.149-04:00 level=INFO msg="Service health check" service=session-service auth_service=available game_service=available status=all_healthy
time=2025-07-19T11:12:10.149-04:00 level=INFO msg="Service health check" service=session-service auth_service=available game_service=available status=all_healthy
time=2025-07-19T11:12:15.149-04:00 level=INFO msg="Service health check" service=session-service auth_service=available game_service=available status=all_healthy
time=2025-07-19T11:12:20.148-04:00 level=INFO msg="Service health check" service=session-service auth_service=available game_service=available status=all_healthy
time=2025-07-19T11:12:25.150-04:00 level=INFO msg="Service health check" service=session-service auth_service=available game_service=available status=all_healthy
time=2025-07-19T11:12:30.149-04:00 level=INFO msg="Service health check" service=session-service auth_service=available game_service=available status=all_healthy
time=2025-07-19T11:12:35.148-04:00 level=INFO msg="Service health check" service=session-service auth_service=available game_service=available status=all_healthy
time=2025-07-19T11:12:40.147-04:00 level=INFO msg="Service health check" service=session-service auth_service=available game_service=available status=all_healthy
time=2025-07-19T11:12:45.148-04:00 level=INFO msg="Service health check" service=session-service auth_service=available game_service=available status=all_healthy
time=2025-07-19T11:12:50.148-04:00 level=INFO msg="Service health check" service=session-service auth_service=available game_service=available status=all_healthy
time=2025-07-19T11:12:55.148-04:00 level=INFO msg="Service health check" service=session-service auth_service=available game_service=available status=all_healthy
time=2025-07-19T11:13:00.147-04:00 level=INFO msg="Service health check" service=session-service auth_service=available game_service=available status=all_healthy
time=2025-07-19T11:13:05.147-04:00 level=INFO msg="Service health check" service=session-service auth_service=available game_service=available status=all_healthy
time=2025-07-19T11:13:10.146-04:00 level=INFO msg="Service health check" service=session-service auth_service=available game_service=available status=all_healthy
time=2025-07-19T11:13:15.148-04:00 level=INFO msg="Service health check" service=session-service auth_service=available game_service=available status=all_healthy
time=2025-07-19T11:13:20.149-04:00 level=INFO msg="Service health check" service=session-service auth_service=available game_service=available status=all_healthy
time=2025-07-19T11:13:25.149-04:00 level=INFO msg="Service health check" service=session-service auth_service=available game_service=available status=all_healthy
time=2025-07-19T11:13:30.147-04:00 level=INFO msg="Service health check" service=session-service auth_service=available game_service=available status=all_healthy
time=2025-07-19T11:13:35.149-04:00 level=INFO msg="Service health check" service=session-service auth_service=available game_service=available status=all_healthy
time=2025-07-19T11:13:40.150-04:00 level=INFO msg="Service health check" service=session-service auth_service=available game_service=available status=all_healthy
time=2025-07-19T11:13:45.147-04:00 level=INFO msg="Service health check" service=session-service auth_service=available game_service=available status=all_healthy
time=2025-07-19T11:13:50.147-04:00 level=INFO msg="Service health check" service=session-service auth_service=available game_service=available status=all_healthy
time=2025-07-19T11:13:55.148-04:00 level=INFO msg="Service health check" service=session-service auth_service=available game_service=available status=all_healthy
time=2025-07-19T11:14:00.147-04:00 level=INFO msg="Service health check" service=session-service auth_service=available game_service=available status=all_healthy
time=2025-07-19T11:14:05.147-04:00 level=INFO msg="Service health check" service=session-service auth_service=available game_service=available status=all_healthy
time=2025-07-19T11:14:10.147-04:00 level=INFO msg="Service health check" service=session-service auth_service=available game_service=available status=all_healthy
time=2025-07-19T11:14:15.147-04:00 level=INFO msg="Service health check" service=session-service auth_service=available game_service=available status=all_healthy
time=2025-07-19T11:14:20.147-04:00 level=INFO msg="Service health check" service=session-service auth_service=available game_service=available status=all_healthy
time=2025-07-19T11:14:25.146-04:00 level=INFO msg="Service health check" service=session-service auth_service=available game_service=available status=all_healthy
time=2025-07-19T11:14:30.148-04:00 level=INFO msg="Service health check" service=session-service auth_service=available game_service=available status=all_healthy
time=2025-07-19T11:14:35.148-04:00 level=INFO msg="Service health check" service=session-service auth_service=available game_service=available status=all_healthy
time=2025-07-19T11:14:40.148-04:00 level=INFO msg="Service health check" service=session-service auth_service=available game_service=available status=all_healthy
time=2025-07-19T11:14:45.148-04:00 level=INFO msg="Service health check" service=session-service auth_service=available game_service=available status=all_healthy
time=2025-07-19T11:14:50.148-04:00 level=INFO msg="Service health check" service=session-service auth_service=available game_service=available status=all_healthy
time=2025-07-19T11:14:55.146-04:00 level=INFO msg="Service health check" service=session-service auth_service=available game_service=available status=all_healthy
time=2025-07-19T11:15:00.147-04:00 level=INFO msg="Service health check" service=session-service auth_service=available game_service=available status=all_healthy
time=2025-07-19T11:15:05.147-04:00 level=INFO msg="Service health check" service=session-service auth_service=available game_service=available status=all_healthy
time=2025-07-19T11:15:10.148-04:00 level=INFO msg="Service health check" service=session-service auth_service=available game_service=available status=all_healthy
time=2025-07-19T11:15:15.148-04:00 level=INFO msg="Service health check" service=session-service auth_service=available game_service=available status=all_healthy
time=2025-07-19T11:15:20.148-04:00 level=INFO msg="Service health check" service=session-service auth_service=available game_service=available status=all_healthy
time=2025-07-19T11:15:25.148-04:00 level=INFO msg="Service health check" service=session-service auth_service=available game_service=available status=all_healthy
time=2025-07-19T11:15:30.148-04:00 level=INFO msg="Service health check" service=session-service auth_service=available game_service=available status=all_healthy
time=2025-07-19T11:15:35.150-04:00 level=INFO msg="Service health check" service=session-service auth_service=available game_service=available status=all_healthy
time=2025-07-19T11:15:40.147-04:00 level=INFO msg="Service health check" service=session-service auth_service=available game_service=available status=all_healthy
time=2025-07-19T11:15:45.147-04:00 level=INFO msg="Service health check" service=session-service auth_service=available game_service=available status=all_healthy
time=2025-07-19T11:15:50.147-04:00 level=INFO msg="Service health check" service=session-service auth_service=available game_service=available status=all_healthy
time=2025-07-19T11:15:55.147-04:00 level=INFO msg="Service health check" service=session-service auth_service=available game_service=available status=all_healthy
time=2025-07-19T11:16:00.147-04:00 level=INFO msg="Service health check" service=session-service auth_service=available game_service=available status=all_healthy
time=2025-07-19T11:16:05.147-04:00 level=INFO msg="Service health check" service=session-service auth_service=available game_service=available status=all_healthy
time=2025-07-19T11:16:10.147-04:00 level=INFO msg="Service health check" service=session-service auth_service=available game_service=available status=all_healthy
time=2025-07-19T11:16:15.146-04:00 level=INFO msg="Service health check" service=session-service auth_service=available game_service=available status=all_healthy
time=2025-07-19T11:16:20.147-04:00 level=INFO msg="Service health check" service=session-service auth_service=available game_service=available status=all_healthy
time=2025-07-19T11:16:25.147-04:00 level=INFO msg="Service health check" service=session-service auth_service=available game_service=available status=all_healthy
time=2025-07-19T11:16:30.146-04:00 level=INFO msg="Service health check" service=session-service auth_service=available game_service=available status=all_healthy
time=2025-07-19T11:16:35.148-04:00 level=INFO msg="Service health check" service=session-service auth_service=available game_service=available status=all_healthy
time=2025-07-19T11:16:40.146-04:00 level=INFO msg="Service health check" service=session-service auth_service=available game_service=available status=all_healthy
time=2025-07-19T11:16:45.147-04:00 level=INFO msg="Service health check" service=session-service auth_service=available game_service=available status=all_healthy
time=2025-07-19T11:16:50.146-04:00 level=INFO msg="Service health check" service=session-service auth_service=available game_service=available status=all_healthy
time=2025-07-19T11:16:55.146-04:00 level=INFO msg="Service health check" service=session-service auth_service=available game_service=available status=all_healthy
time=2025-07-19T11:17:00.146-04:00 level=INFO msg="Service health check" service=session-service auth_service=available game_service=available status=all_healthy
time=2025-07-19T11:17:05.147-04:00 level=INFO msg="Service health check" service=session-service auth_service=available game_service=available status=all_healthy
time=2025-07-19T11:17:10.146-04:00 level=INFO msg="Service health check" service=session-service auth_service=available game_service=available status=all_healthy
time=2025-07-19T11:17:15.147-04:00 level=INFO msg="Service health check" service=session-service auth_service=available game_service=available status=all_healthy
time=2025-07-19T11:17:20.146-04:00 level=INFO msg="Service health check" service=session-service auth_service=available game_service=available status=all_healthy
time=2025-07-19T11:17:25.147-04:00 level=INFO msg="Service health check" service=session-service auth_service=available game_service=available status=all_healthy
time=2025-07-19T11:17:30.147-04:00 level=INFO msg="Service health check" service=session-service auth_service=available game_service=available status=all_healthy
time=2025-07-19T11:17:35.146-04:00 level=INFO msg="Service health check" service=session-service auth_service=available game_service=available status=all_healthy
time=2025-07-19T11:17:40.147-04:00 level=INFO msg="Service health check" service=session-service auth_service=available game_service=available status=all_healthy
time=2025-07-19T11:17:45.146-04:00 level=INFO msg="Service health check" service=session-service auth_service=available game_service=available status=all_healthy
time=2025-07-19T11:17:50.146-04:00 level=INFO msg="Service health check" service=session-service auth_service=available game_service=available status=all_healthy
time=2025-07-19T11:17:55.147-04:00 level=INFO msg="Service health check" service=session-service auth_service=available game_service=available status=all_healthy
time=2025-07-19T11:18:00.145-04:00 level=INFO msg="Service health check" service=session-service auth_service=available game_service=available status=all_healthy
time=2025-07-19T11:18:05.146-04:00 level=INFO msg="Service health check" service=session-service auth_service=available game_service=available status=all_healthy
time=2025-07-19T11:18:10.146-04:00 level=INFO msg="Service health check" service=session-service auth_service=available game_service=available status=all_healthy
time=2025-07-19T11:18:15.146-04:00 level=INFO msg="Service health check" service=session-service auth_service=available game_service=available status=all_healthy
time=2025-07-19T11:18:20.146-04:00 level=INFO msg="Service health check" service=session-service auth_service=available game_service=available status=all_healthy
time=2025-07-19T11:18:25.146-04:00 level=INFO msg="Service health check" service=session-service auth_service=available game_service=available status=all_healthy
time=2025-07-19T11:18:30.146-04:00 level=INFO msg="Service health check" service=session-service auth_service=available game_service=available status=all_healthy
time=2025-07-19T11:18:35.146-04:00 level=INFO msg="Service health check" service=session-service auth_service=available game_service=available status=all_healthy
time=2025-07-19T11:18:40.145-04:00 level=INFO msg="Service health check" service=session-service auth_service=available game_service=available status=all_healthy
time=2025-07-19T11:18:45.146-04:00 level=INFO msg="Service health check" service=session-service auth_service=available game_service=available status=all_healthy
time=2025-07-19T11:18:50.146-04:00 level=INFO msg="Service health check" service=session-service auth_service=available game_service=available status=all_healthy
time=2025-07-19T11:18:55.145-04:00 level=INFO msg="Service health check" service=session-service auth_service=available game_service=available status=all_healthy
time=2025-07-19T11:19:00.145-04:00 level=INFO msg="Service health check" service=session-service auth_service=available game_service=available status=all_healthy
time=2025-07-19T11:19:05.146-04:00 level=INFO msg="Service health check" service=session-service auth_service=available game_service=available status=all_healthy
time=2025-07-19T11:19:10.146-04:00 level=INFO msg="Service health check" service=session-service auth_service=available game_service=available status=all_healthy
time=2025-07-19T11:19:15.146-04:00 level=INFO msg="Service health check" service=session-service auth_service=available game_service=available status=all_healthy
time=2025-07-19T11:19:20.146-04:00 level=INFO msg="Service health check" service=session-service auth_service=available game_service=available status=all_healthy
time=2025-07-19T11:19:25.145-04:00 level=INFO msg="Service health check" service=session-service auth_service=available game_service=available status=all_healthy
time=2025-07-19T11:19:30.145-04:00 level=INFO msg="Service health check" service=session-service auth_service=available game_service=available status=all_healthy
time=2025-07-19T11:19:35.145-04:00 level=INFO msg="Service health check" service=session-service auth_service=available game_service=available status=all_healthy
time=2025-07-19T11:19:40.145-04:00 level=INFO msg="Service health check" service=session-service auth_service=available game_service=available status=all_healthy
time=2025-07-19T11:19:45.146-04:00 level=INFO msg="Service health check" service=session-service auth_service=available game_service=available status=all_healthy
time=2025-07-19T11:19:50.144-04:00 level=INFO msg="Service health check" service=session-service auth_service=available game_service=available status=all_healthy
time=2025-07-19T11:19:55.145-04:00 level=INFO msg="Service health check" service=session-service auth_service=available game_service=available status=all_healthy
time=2025-07-19T11:20:00.144-04:00 level=INFO msg="Service health check" service=session-service auth_service=available game_service=available status=all_healthy
time=2025-07-19T11:20:05.145-04:00 level=INFO msg="Service health check" service=session-service auth_service=available game_service=available status=all_healthy
time=2025-07-19T11:20:10.145-04:00 level=INFO msg="Service health check" service=session-service auth_service=available game_service=available status=all_healthy
time=2025-07-19T11:20:15.145-04:00 level=INFO msg="Service health check" service=session-service auth_service=available game_service=available status=all_healthy
time=2025-07-19T11:20:20.144-04:00 level=INFO msg="Service health check" service=session-service auth_service=available game_service=available status=all_healthy
time=2025-07-19T11:20:25.145-04:00 level=INFO msg="Service health check" service=session-service auth_service=available game_service=available status=all_healthy
time=2025-07-19T11:20:30.144-04:00 level=INFO msg="Service health check" service=session-service auth_service=available game_service=available status=all_healthy
time=2025-07-19T11:20:35.144-04:00 level=INFO msg="Service health check" service=session-service auth_service=available game_service=available status=all_healthy
time=2025-07-19T11:20:40.146-04:00 level=INFO msg="Service health check" service=session-service auth_service=available game_service=available status=all_healthy
time=2025-07-19T11:20:45.145-04:00 level=INFO msg="Service health check" service=session-service auth_service=available game_service=available status=all_healthy
time=2025-07-19T11:20:50.144-04:00 level=INFO msg="Service health check" service=session-service auth_service=available game_service=available status=all_healthy
time=2025-07-19T11:20:55.145-04:00 level=INFO msg="Service health check" service=session-service auth_service=available game_service=available status=all_healthy
time=2025-07-19T11:21:00.144-04:00 level=INFO msg="Service health check" service=session-service auth_service=available game_service=available status=all_healthy
time=2025-07-19T11:21:05.144-04:00 level=INFO msg="Service health check" service=session-service auth_service=available game_service=available status=all_healthy
time=2025-07-19T11:21:10.143-04:00 level=INFO msg="Service health check" service=session-service auth_service=available game_service=available status=all_healthy
time=2025-07-19T11:21:15.144-04:00 level=INFO msg="Service health check" service=session-service auth_service=available game_service=available status=all_healthy
time=2025-07-19T11:21:20.144-04:00 level=INFO msg="Service health check" service=session-service auth_service=available game_service=available status=all_healthy
time=2025-07-19T11:21:25.145-04:00 level=INFO msg="Service health check" service=session-service auth_service=available game_service=available status=all_healthy
time=2025-07-19T11:21:30.145-04:00 level=INFO msg="Service health check" service=session-service auth_service=available game_service=available status=all_healthy
time=2025-07-19T11:21:35.146-04:00 level=INFO msg="Service health check" service=session-service auth_service=available game_service=available status=all_healthy
time=2025-07-19T11:21:40.145-04:00 level=INFO msg="Service health check" service=session-service auth_service=available game_service=available status=all_healthy
time=2025-07-19T11:21:45.147-04:00 level=INFO msg="Service health check" service=session-service auth_service=available game_service=available status=all_healthy
time=2025-07-19T11:21:50.145-04:00 level=INFO msg="Service health check" service=session-service auth_service=available game_service=available status=all_healthy
time=2025-07-19T11:21:55.145-04:00 level=INFO msg="Service health check" service=session-service auth_service=available game_service=available status=all_healthy
time=2025-07-19T11:22:00.144-04:00 level=INFO msg="Service health check" service=session-service auth_service=available game_service=available status=all_healthy
time=2025-07-19T11:22:05.144-04:00 level=INFO msg="Service health check" service=session-service auth_service=available game_service=available status=all_healthy
time=2025-07-19T11:22:10.142-04:00 level=INFO msg="Service health check" service=session-service auth_service=available game_service=available status=all_healthy
time=2025-07-19T11:22:15.145-04:00 level=INFO msg="Service health check" service=session-service auth_service=available game_service=available status=all_healthy
time=2025-07-19T11:22:20.144-04:00 level=INFO msg="Service health check" service=session-service auth_service=available game_service=available status=all_healthy
time=2025-07-19T11:22:25.145-04:00 level=INFO msg="Service health check" service=session-service auth_service=available game_service=available status=all_healthy
time=2025-07-19T11:22:30.144-04:00 level=INFO msg="Service health check" service=session-service auth_service=available game_service=available status=all_healthy
time=2025-07-19T11:22:35.145-04:00 level=INFO msg="Service health check" service=session-service auth_service=available game_service=available status=all_healthy
time=2025-07-19T11:22:40.146-04:00 level=INFO msg="Service health check" service=session-service auth_service=available game_service=available status=all_healthy
time=2025-07-19T11:22:45.144-04:00 level=INFO msg="Service health check" service=session-service auth_service=available game_service=available status=all_healthy
time=2025-07-19T11:22:50.145-04:00 level=INFO msg="Service health check" service=session-service auth_service=available game_service=available status=all_healthy
time=2025-07-19T11:22:55.144-04:00 level=INFO msg="Service health check" service=session-service auth_service=available game_service=available status=all_healthy
time=2025-07-19T11:23:00.145-04:00 level=INFO msg="Service health check" service=session-service auth_service=available game_service=available status=all_healthy
time=2025-07-19T11:23:05.143-04:00 level=INFO msg="Service health check" service=session-service auth_service=available game_service=available status=all_healthy
time=2025-07-19T11:23:10.143-04:00 level=INFO msg="Service health check" service=session-service auth_service=available game_service=available status=all_healthy
time=2025-07-19T11:23:15.144-04:00 level=INFO msg="Service health check" service=session-service auth_service=available game_service=available status=all_healthy
time=2025-07-19T11:23:20.143-04:00 level=INFO msg="Service health check" service=session-service auth_service=available game_service=available status=all_healthy
time=2025-07-19T11:23:25.145-04:00 level=INFO msg="Service health check" service=session-service auth_service=available game_service=available status=all_healthy
time=2025-07-19T11:23:30.145-04:00 level=INFO msg="Service health check" service=session-service auth_service=available game_service=available status=all_healthy
time=2025-07-19T11:23:35.145-04:00 level=INFO msg="Service health check" service=session-service auth_service=available game_service=available status=all_healthy
time=2025-07-19T11:23:40.143-04:00 level=INFO msg="Service health check" service=session-service auth_service=available game_service=available status=all_healthy
time=2025-07-19T11:23:45.145-04:00 level=INFO msg="Service health check" service=session-service auth_service=available game_service=available status=all_healthy
time=2025-07-19T11:23:50.143-04:00 level=INFO msg="Service health check" service=session-service auth_service=available game_service=available status=all_healthy
time=2025-07-19T11:23:55.144-04:00 level=INFO msg="Service health check" service=session-service auth_service=available game_service=available status=all_healthy
time=2025-07-19T11:24:00.144-04:00 level=INFO msg="Service health check" service=session-service auth_service=available game_service=available status=all_healthy
time=2025-07-19T11:24:05.144-04:00 level=INFO msg="Service health check" service=session-service auth_service=available game_service=available status=all_healthy
time=2025-07-19T11:24:10.144-04:00 level=INFO msg="Service health check" service=session-service auth_service=available game_service=available status=all_healthy
time=2025-07-19T11:24:15.144-04:00 level=INFO msg="Service health check" service=session-service auth_service=available game_service=available status=all_healthy
time=2025-07-19T11:24:20.143-04:00 level=INFO msg="Service health check" service=session-service auth_service=available game_service=available status=all_healthy
time=2025-07-19T11:24:25.144-04:00 level=INFO msg="Service health check" service=session-service auth_service=available game_service=available status=all_healthy
time=2025-07-19T11:24:30.144-04:00 level=INFO msg="Service health check" service=session-service auth_service=available game_service=available status=all_healthy
time=2025-07-19T11:24:35.142-04:00 level=INFO msg="Service health check" service=session-service auth_service=available game_service=available status=all_healthy
time=2025-07-19T11:24:40.143-04:00 level=INFO msg="Service health check" service=session-service auth_service=available game_service=available status=all_healthy
time=2025-07-19T11:24:45.143-04:00 level=INFO msg="Service health check" service=session-service auth_service=available game_service=available status=all_healthy
time=2025-07-19T11:24:50.144-04:00 level=INFO msg="Service health check" service=session-service auth_service=available game_service=available status=all_healthy
time=2025-07-19T11:24:55.144-04:00 level=INFO msg="Service health check" service=session-service auth_service=available game_service=available status=all_healthy
time=2025-07-19T11:25:00.143-04:00 level=INFO msg="Service health check" service=session-service auth_service=available game_service=available status=all_healthy
time=2025-07-19T11:25:05.144-04:00 level=INFO msg="Service health check" service=session-service auth_service=available game_service=available status=all_healthy
time=2025-07-19T11:25:10.142-04:00 level=INFO msg="Service health check" service=session-service auth_service=available game_service=available status=all_healthy
time=2025-07-19T11:25:15.143-04:00 level=INFO msg="Service health check" service=session-service auth_service=available game_service=available status=all_healthy
time=2025-07-19T11:25:20.144-04:00 level=INFO msg="Service health check" service=session-service auth_service=available game_service=available status=all_healthy
time=2025-07-19T11:25:25.144-04:00 level=INFO msg="Service health check" service=session-service auth_service=available game_service=available status=all_healthy
time=2025-07-19T11:25:30.143-04:00 level=INFO msg="Service health check" service=session-service auth_service=available game_service=available status=all_healthy
time=2025-07-19T11:25:35.143-04:00 level=INFO msg="Service health check" service=session-service auth_service=available game_service=available status=all_healthy
time=2025-07-19T11:25:40.142-04:00 level=INFO msg="Service health check" service=session-service auth_service=available game_service=available status=all_healthy
time=2025-07-19T11:25:45.143-04:00 level=INFO msg="Service health check" service=session-service auth_service=available game_service=available status=all_healthy
time=2025-07-19T11:25:50.143-04:00 level=INFO msg="Service health check" service=session-service auth_service=available game_service=available status=all_healthy
time=2025-07-19T11:25:55.143-04:00 level=INFO msg="Service health check" service=session-service auth_service=available game_service=available status=all_healthy
time=2025-07-19T11:26:00.143-04:00 level=INFO msg="Service health check" service=session-service auth_service=available game_service=available status=all_healthy
time=2025-07-19T11:26:05.142-04:00 level=INFO msg="Service health check" service=session-service auth_service=available game_service=available status=all_healthy
time=2025-07-19T11:26:10.144-04:00 level=INFO msg="Service health check" service=session-service auth_service=available game_service=available status=all_healthy
time=2025-07-19T11:26:15.143-04:00 level=INFO msg="Service health check" service=session-service auth_service=available game_service=available status=all_healthy
time=2025-07-19T11:26:20.141-04:00 level=INFO msg="Service health check" service=session-service auth_service=available game_service=available status=all_healthy
time=2025-07-19T11:26:25.142-04:00 level=INFO msg="Service health check" service=session-service auth_service=available game_service=available status=all_healthy
time=2025-07-19T11:26:30.143-04:00 level=INFO msg="Service health check" service=session-service auth_service=available game_service=available status=all_healthy
time=2025-07-19T11:26:35.143-04:00 level=INFO msg="Service health check" service=session-service auth_service=available game_service=available status=all_healthy
time=2025-07-19T11:26:40.140-04:00 level=INFO msg="Service health check" service=session-service auth_service=available game_service=available status=all_healthy
time=2025-07-19T11:26:45.144-04:00 level=INFO msg="Service health check" service=session-service auth_service=available game_service=available status=all_healthy
time=2025-07-19T11:26:50.143-04:00 level=INFO msg="Service health check" service=session-service auth_service=available game_service=available status=all_healthy
time=2025-07-19T11:26:55.143-04:00 level=INFO msg="Service health check" service=session-service auth_service=available game_service=available status=all_healthy
time=2025-07-19T11:27:00.143-04:00 level=INFO msg="Service health check" service=session-service auth_service=available game_service=available status=all_healthy
time=2025-07-19T11:27:05.141-04:00 level=INFO msg="Service health check" service=session-service auth_service=available game_service=available status=all_healthy
time=2025-07-19T11:27:10.142-04:00 level=INFO msg="Service health check" service=session-service auth_service=available game_service=available status=all_healthy
time=2025-07-19T11:27:15.143-04:00 level=INFO msg="Service health check" service=session-service auth_service=available game_service=available status=all_healthy
time=2025-07-19T11:27:20.142-04:00 level=INFO msg="Service health check" service=session-service auth_service=available game_service=available status=all_healthy
time=2025-07-19T11:27:25.143-04:00 level=INFO msg="Service health check" service=session-service auth_service=available game_service=available status=all_healthy
time=2025-07-19T11:27:30.142-04:00 level=INFO msg="Service health check" service=session-service auth_service=available game_service=available status=all_healthy
time=2025-07-19T11:27:35.142-04:00 level=INFO msg="Service health check" service=session-service auth_service=available game_service=available status=all_healthy
time=2025-07-19T11:27:40.141-04:00 level=INFO msg="Service health check" service=session-service auth_service=available game_service=available status=all_healthy
time=2025-07-19T11:27:45.144-04:00 level=INFO msg="Service health check" service=session-service auth_service=available game_service=available status=all_healthy
time=2025-07-19T11:27:50.144-04:00 level=INFO msg="Service health check" service=session-service auth_service=available game_service=available status=all_healthy
time=2025-07-19T11:27:55.142-04:00 level=INFO msg="Service health check" service=session-service auth_service=available game_service=available status=all_healthy
time=2025-07-19T11:28:00.141-04:00 level=INFO msg="Service health check" service=session-service auth_service=available game_service=available status=all_healthy
time=2025-07-19T11:28:05.143-04:00 level=INFO msg="Service health check" service=session-service auth_service=available game_service=available status=all_healthy
time=2025-07-19T11:28:10.141-04:00 level=INFO msg="Service health check" service=session-service auth_service=available game_service=available status=all_healthy
time=2025-07-19T11:28:15.142-04:00 level=INFO msg="Service health check" service=session-service auth_service=available game_service=available status=all_healthy
time=2025-07-19T11:28:20.143-04:00 level=INFO msg="Service health check" service=session-service auth_service=available game_service=available status=all_healthy
time=2025-07-19T11:28:25.141-04:00 level=INFO msg="Service health check" service=session-service auth_service=available game_service=available status=all_healthy
time=2025-07-19T11:28:30.141-04:00 level=INFO msg="Service health check" service=session-service auth_service=available game_service=available status=all_healthy
time=2025-07-19T11:28:35.142-04:00 level=INFO msg="Service health check" service=session-service auth_service=available game_service=available status=all_healthy
time=2025-07-19T11:28:40.142-04:00 level=INFO msg="Service health check" service=session-service auth_service=available game_service=available status=all_healthy
time=2025-07-19T11:28:45.142-04:00 level=INFO msg="Service health check" service=session-service auth_service=available game_service=available status=all_healthy
time=2025-07-19T11:28:50.140-04:00 level=INFO msg="Service health check" service=session-service auth_service=available game_service=available status=all_healthy
time=2025-07-19T11:28:55.142-04:00 level=INFO msg="Service health check" service=session-service auth_service=available game_service=available status=all_healthy
time=2025-07-19T11:29:00.140-04:00 level=INFO msg="Service health check" service=session-service auth_service=available game_service=available status=all_healthy
time=2025-07-19T11:29:05.140-04:00 level=INFO msg="Service health check" service=session-service auth_service=available game_service=available status=all_healthy
time=2025-07-19T11:29:10.141-04:00 level=INFO msg="Service health check" service=session-service auth_service=available game_service=available status=all_healthy
time=2025-07-19T11:29:15.142-04:00 level=INFO msg="Service health check" service=session-service auth_service=available game_service=available status=all_healthy
time=2025-07-19T11:29:20.141-04:00 level=INFO msg="Service health check" service=session-service auth_service=available game_service=available status=all_healthy
time=2025-07-19T11:29:25.141-04:00 level=INFO msg="Service health check" service=session-service auth_service=available game_service=available status=all_healthy
time=2025-07-19T11:29:30.140-04:00 level=INFO msg="Service health check" service=session-service auth_service=available game_service=available status=all_healthy
time=2025-07-19T11:29:35.141-04:00 level=INFO msg="Service health check" service=session-service auth_service=available game_service=available status=all_healthy
time=2025-07-19T11:29:40.142-04:00 level=INFO msg="Service health check" service=session-service auth_service=available game_service=available status=all_healthy
time=2025-07-19T11:29:45.141-04:00 level=INFO msg="Service health check" service=session-service auth_service=available game_service=available status=all_healthy
time=2025-07-19T11:29:50.142-04:00 level=INFO msg="Service health check" service=session-service auth_service=available game_service=available status=all_healthy
time=2025-07-19T11:29:55.144-04:00 level=INFO msg="Service health check" service=session-service auth_service=available game_service=available status=all_healthy
time=2025-07-19T11:30:00.140-04:00 level=INFO msg="Service health check" service=session-service auth_service=available game_service=available status=all_healthy
time=2025-07-19T11:30:05.141-04:00 level=INFO msg="Service health check" service=session-service auth_service=available game_service=available status=all_healthy
time=2025-07-19T11:30:10.139-04:00 level=INFO msg="Service health check" service=session-service auth_service=available game_service=available status=all_healthy
time=2025-07-19T11:30:15.141-04:00 level=INFO msg="Service health check" service=session-service auth_service=available game_service=available status=all_healthy
time=2025-07-19T11:30:20.140-04:00 level=INFO msg="Service health check" service=session-service auth_service=available game_service=available status=all_healthy
time=2025-07-19T11:30:25.141-04:00 level=INFO msg="Service health check" service=session-service auth_service=available game_service=available status=all_healthy
time=2025-07-19T11:30:30.141-04:00 level=INFO msg="Service health check" service=session-service auth_service=available game_service=available status=all_healthy
time=2025-07-19T11:30:35.140-04:00 level=INFO msg="Service health check" service=session-service auth_service=available game_service=available status=all_healthy
time=2025-07-19T11:30:40.141-04:00 level=INFO msg="Service health check" service=session-service auth_service=available game_service=available status=all_healthy
time=2025-07-19T11:30:45.141-04:00 level=INFO msg="Service health check" service=session-service auth_service=available game_service=available status=all_healthy
time=2025-07-19T11:30:50.140-04:00 level=INFO msg="Service health check" service=session-service auth_service=available game_service=available status=all_healthy
time=2025-07-19T11:30:55.141-04:00 level=INFO msg="Service health check" service=session-service auth_service=available game_service=available status=all_healthy
time=2025-07-19T11:31:00.140-04:00 level=INFO msg="Service health check" service=session-service auth_service=available game_service=available status=all_healthy
time=2025-07-19T11:31:05.140-04:00 level=INFO msg="Service health check" service=session-service auth_service=available game_service=available status=all_healthy
time=2025-07-19T11:31:10.141-04:00 level=INFO msg="Service health check" service=session-service auth_service=available game_service=available status=all_healthy
time=2025-07-19T11:31:15.140-04:00 level=INFO msg="Service health check" service=session-service auth_service=available game_service=available status=all_healthy
time=2025-07-19T11:31:20.140-04:00 level=INFO msg="Service health check" service=session-service auth_service=available game_service=available status=all_healthy
time=2025-07-19T11:31:25.140-04:00 level=INFO msg="Service health check" service=session-service auth_service=available game_service=available status=all_healthy
time=2025-07-19T11:31:30.139-04:00 level=INFO msg="Service health check" service=session-service auth_service=available game_service=available status=all_healthy
time=2025-07-19T11:31:35.140-04:00 level=INFO msg="Service health check" service=session-service auth_service=available game_service=available status=all_healthy
time=2025-07-19T11:31:40.140-04:00 level=INFO msg="Service health check" service=session-service auth_service=available game_service=available status=all_healthy
time=2025-07-19T11:31:45.139-04:00 level=INFO msg="Service health check" service=session-service auth_service=available game_service=available status=all_healthy
time=2025-07-19T11:31:50.139-04:00 level=INFO msg="Service health check" service=session-service auth_service=available game_service=available status=all_healthy
time=2025-07-19T11:31:55.138-04:00 level=INFO msg="Service health check" service=session-service auth_service=available game_service=available status=all_healthy
time=2025-07-19T11:32:00.140-04:00 level=INFO msg="Service health check" service=session-service auth_service=available game_service=available status=all_healthy
time=2025-07-19T11:32:05.138-04:00 level=INFO msg="Service health check" service=session-service auth_service=available game_service=available status=all_healthy
time=2025-07-19T11:32:10.140-04:00 level=INFO msg="Service health check" service=session-service auth_service=available game_service=available status=all_healthy
time=2025-07-19T11:32:15.139-04:00 level=INFO msg="Service health check" service=session-service auth_service=available game_service=available status=all_healthy
time=2025-07-19T11:32:20.139-04:00 level=INFO msg="Service health check" service=session-service auth_service=available game_service=available status=all_healthy
time=2025-07-19T11:32:25.139-04:00 level=INFO msg="Service health check" service=session-service auth_service=available game_service=available status=all_healthy
time=2025-07-19T11:32:30.139-04:00 level=INFO msg="Service health check" service=session-service auth_service=available game_service=available status=all_healthy
time=2025-07-19T11:32:35.139-04:00 level=INFO msg="Service health check" service=session-service auth_service=available game_service=available status=all_healthy
time=2025-07-19T11:32:40.140-04:00 level=INFO msg="Service health check" service=session-service auth_service=available game_service=available status=all_healthy
time=2025-07-19T11:32:45.139-04:00 level=INFO msg="Service health check" service=session-service auth_service=available game_service=available status=all_healthy
time=2025-07-19T11:32:50.141-04:00 level=INFO msg="Service health check" service=session-service auth_service=available game_service=available status=all_healthy
time=2025-07-19T11:32:55.140-04:00 level=INFO msg="Service health check" service=session-service auth_service=available game_service=available status=all_healthy
time=2025-07-19T11:33:00.139-04:00 level=INFO msg="Service health check" service=session-service auth_service=available game_service=available status=all_healthy
time=2025-07-19T11:33:05.137-04:00 level=INFO msg="Service health check" service=session-service auth_service=available game_service=available status=all_healthy
time=2025-07-19T11:33:10.140-04:00 level=INFO msg="Service health check" service=session-service auth_service=available game_service=available status=all_healthy
time=2025-07-19T11:33:15.138-04:00 level=INFO msg="Service health check" service=session-service auth_service=available game_service=available status=all_healthy
time=2025-07-19T11:33:20.139-04:00 level=INFO msg="Service health check" service=session-service auth_service=available game_service=available status=all_healthy
time=2025-07-19T11:33:25.138-04:00 level=INFO msg="Service health check" service=session-service auth_service=available game_service=available status=all_healthy
time=2025-07-19T11:33:30.140-04:00 level=INFO msg="Service health check" service=session-service auth_service=available game_service=available status=all_healthy
time=2025-07-19T11:33:35.138-04:00 level=INFO msg="Service health check" service=session-service auth_service=available game_service=available status=all_healthy
time=2025-07-19T11:33:40.139-04:00 level=INFO msg="Service health check" service=session-service auth_service=available game_service=available status=all_healthy
time=2025-07-19T11:33:45.139-04:00 level=INFO msg="Service health check" service=session-service auth_service=available game_service=available status=all_healthy
time=2025-07-19T11:33:50.138-04:00 level=INFO msg="Service health check" service=session-service auth_service=available game_service=available status=all_healthy
time=2025-07-19T11:33:55.138-04:00 level=INFO msg="Service health check" service=session-service auth_service=available game_service=available status=all_healthy
time=2025-07-19T11:34:00.140-04:00 level=INFO msg="Service health check" service=session-service auth_service=available game_service=available status=all_healthy
time=2025-07-19T11:34:05.138-04:00 level=INFO msg="Service health check" service=session-service auth_service=available game_service=available status=all_healthy
time=2025-07-19T11:34:10.139-04:00 level=INFO msg="Service health check" service=session-service auth_service=available game_service=available status=all_healthy
time=2025-07-19T11:34:15.137-04:00 level=INFO msg="Service health check" service=session-service auth_service=available game_service=available status=all_healthy
time=2025-07-19T11:34:20.141-04:00 level=INFO msg="Service health check" service=session-service auth_service=available game_service=available status=all_healthy
time=2025-07-19T11:34:25.144-04:00 level=INFO msg="Service health check" service=session-service auth_service=available game_service=available status=all_healthy
time=2025-07-19T11:34:30.146-04:00 level=INFO msg="Service health check" service=session-service auth_service=available game_service=available status=all_healthy
time=2025-07-19T11:34:35.148-04:00 level=INFO msg="Service health check" service=session-service auth_service=available game_service=available status=all_healthy
time=2025-07-19T11:34:40.149-04:00 level=INFO msg="Service health check" service=session-service auth_service=available game_service=available status=all_healthy
time=2025-07-19T11:34:45.150-04:00 level=INFO msg="Service health check" service=session-service auth_service=available game_service=available status=all_healthy
time=2025-07-19T11:34:50.152-04:00 level=INFO msg="Service health check" service=session-service auth_service=available game_service=available status=all_healthy
time=2025-07-19T11:34:55.151-04:00 level=INFO msg="Service health check" service=session-service auth_service=available game_service=available status=all_healthy
time=2025-07-19T11:35:00.151-04:00 level=INFO msg="Service health check" service=session-service auth_service=available game_service=available status=all_healthy
time=2025-07-19T11:35:05.152-04:00 level=INFO msg="Service health check" service=session-service auth_service=available game_service=available status=all_healthy
time=2025-07-19T11:35:10.152-04:00 level=INFO msg="Service health check" service=session-service auth_service=available game_service=available status=all_healthy
time=2025-07-19T11:35:15.152-04:00 level=INFO msg="Service health check" service=session-service auth_service=available game_service=available status=all_healthy
time=2025-07-19T11:35:20.150-04:00 level=INFO msg="Service health check" service=session-service auth_service=available game_service=available status=all_healthy
time=2025-07-19T11:35:25.151-04:00 level=INFO msg="Service health check" service=session-service auth_service=available game_service=available status=all_healthy
time=2025-07-19T11:35:30.151-04:00 level=INFO msg="Service health check" service=session-service auth_service=available game_service=available status=all_healthy
time=2025-07-19T11:35:35.152-04:00 level=INFO msg="Service health check" service=session-service auth_service=available game_service=available status=all_healthy
time=2025-07-19T11:35:40.153-04:00 level=INFO msg="Service health check" service=session-service auth_service=available game_service=available status=all_healthy
time=2025-07-19T11:35:45.151-04:00 level=INFO msg="Service health check" service=session-service auth_service=available game_service=available status=all_healthy
time=2025-07-19T11:35:50.152-04:00 level=INFO msg="Service health check" service=session-service auth_service=available game_service=available status=all_healthy
time=2025-07-19T11:35:55.152-04:00 level=INFO msg="Service health check" service=session-service auth_service=available game_service=available status=all_healthy
time=2025-07-19T11:36:00.152-04:00 level=INFO msg="Service health check" service=session-service auth_service=available game_service=available status=all_healthy
time=2025-07-19T11:36:05.155-04:00 level=INFO msg="Service health check" service=session-service auth_service=available game_service=available status=all_healthy
time=2025-07-19T11:36:10.152-04:00 level=INFO msg="Service health check" service=session-service auth_service=available game_service=available status=all_healthy
time=2025-07-19T11:36:15.151-04:00 level=INFO msg="Service health check" service=session-service auth_service=available game_service=available status=all_healthy
time=2025-07-19T11:36:20.153-04:00 level=INFO msg="Service health check" service=session-service auth_service=available game_service=available status=all_healthy
time=2025-07-19T11:36:25.153-04:00 level=INFO msg="Service health check" service=session-service auth_service=available game_service=available status=all_healthy
time=2025-07-19T11:36:30.151-04:00 level=INFO msg="Service health check" service=session-service auth_service=available game_service=available status=all_healthy
time=2025-07-19T11:36:35.153-04:00 level=INFO msg="Service health check" service=session-service auth_service=available game_service=available status=all_healthy
time=2025-07-19T11:36:40.152-04:00 level=INFO msg="Service health check" service=session-service auth_service=available game_service=available status=all_healthy
time=2025-07-19T11:36:45.150-04:00 level=INFO msg="Service health check" service=session-service auth_service=available game_service=available status=all_healthy
time=2025-07-19T11:36:50.152-04:00 level=INFO msg="Service health check" service=session-service auth_service=available game_service=available status=all_healthy
time=2025-07-19T11:36:55.152-04:00 level=INFO msg="Service health check" service=session-service auth_service=available game_service=available status=all_healthy
time=2025-07-19T11:37:00.151-04:00 level=INFO msg="Service health check" service=session-service auth_service=available game_service=available status=all_healthy
time=2025-07-19T11:37:05.151-04:00 level=INFO msg="Service health check" service=session-service auth_service=available game_service=available status=all_healthy
time=2025-07-19T11:37:10.151-04:00 level=INFO msg="Service health check" service=session-service auth_service=available game_service=available status=all_healthy
time=2025-07-19T11:37:15.152-04:00 level=INFO msg="Service health check" service=session-service auth_service=available game_service=available status=all_healthy
time=2025-07-19T11:37:20.150-04:00 level=INFO msg="Service health check" service=session-service auth_service=available game_service=available status=all_healthy
time=2025-07-19T11:37:25.152-04:00 level=INFO msg="Service health check" service=session-service auth_service=available game_service=available status=all_healthy
time=2025-07-19T11:37:30.152-04:00 level=INFO msg="Service health check" service=session-service auth_service=available game_service=available status=all_healthy
time=2025-07-19T11:37:35.150-04:00 level=INFO msg="Service health check" service=session-service auth_service=available game_service=available status=all_healthy
time=2025-07-19T11:37:40.153-04:00 level=INFO msg="Service health check" service=session-service auth_service=available game_service=available status=all_healthy
time=2025-07-19T11:37:45.151-04:00 level=INFO msg="Service health check" service=session-service auth_service=available game_service=available status=all_healthy
time=2025-07-19T11:37:50.151-04:00 level=INFO msg="Service health check" service=session-service auth_service=available game_service=available status=all_healthy
time=2025-07-19T11:37:55.153-04:00 level=INFO msg="Service health check" service=session-service auth_service=available game_service=available status=all_healthy
time=2025-07-19T11:38:00.151-04:00 level=INFO msg="Service health check" service=session-service auth_service=available game_service=available status=all_healthy
time=2025-07-19T11:38:05.152-04:00 level=INFO msg="Service health check" service=session-service auth_service=available game_service=available status=all_healthy
time=2025-07-19T11:38:10.151-04:00 level=INFO msg="Service health check" service=session-service auth_service=available game_service=available status=all_healthy
time=2025-07-19T11:38:15.152-04:00 level=INFO msg="Service health check" service=session-service auth_service=available game_service=available status=all_healthy
time=2025-07-19T11:38:20.153-04:00 level=INFO msg="Service health check" service=session-service auth_service=available game_service=available status=all_healthy
time=2025-07-19T11:38:25.151-04:00 level=INFO msg="Service health check" service=session-service auth_service=available game_service=available status=all_healthy
time=2025-07-19T11:38:30.151-04:00 level=INFO msg="Service health check" service=session-service auth_service=available game_service=available status=all_healthy
time=2025-07-19T11:38:35.150-04:00 level=INFO msg="Service health check" service=session-service auth_service=available game_service=available status=all_healthy
time=2025-07-19T11:38:40.152-04:00 level=INFO msg="Service health check" service=session-service auth_service=available game_service=available status=all_healthy
time=2025-07-19T11:38:45.150-04:00 level=INFO msg="Service health check" service=session-service auth_service=available game_service=available status=all_healthy
time=2025-07-19T11:38:50.152-04:00 level=INFO msg="Service health check" service=session-service auth_service=available game_service=available status=all_healthy
time=2025-07-19T11:38:55.152-04:00 level=INFO msg="Service health check" service=session-service auth_service=available game_service=available status=all_healthy
time=2025-07-19T11:39:00.150-04:00 level=INFO msg="Service health check" service=session-service auth_service=available game_service=available status=all_healthy
time=2025-07-19T11:39:05.151-04:00 level=INFO msg="Service health check" service=session-service auth_service=available game_service=available status=all_healthy
time=2025-07-19T11:39:10.152-04:00 level=INFO msg="Service health check" service=session-service auth_service=available game_service=available status=all_healthy
time=2025-07-19T11:39:15.152-04:00 level=INFO msg="Service health check" service=session-service auth_service=available game_service=available status=all_healthy
time=2025-07-19T11:39:20.151-04:00 level=INFO msg="Service health check" service=session-service auth_service=available game_service=available status=all_healthy
time=2025-07-19T11:39:25.152-04:00 level=INFO msg="Service health check" service=session-service auth_service=available game_service=available status=all_healthy
time=2025-07-19T11:39:30.152-04:00 level=INFO msg="Service health check" service=session-service auth_service=available game_service=available status=all_healthy
time=2025-07-19T11:39:35.152-04:00 level=INFO msg="Service health check" service=session-service auth_service=available game_service=available status=all_healthy
time=2025-07-19T11:39:40.152-04:00 level=INFO msg="Service health check" service=session-service auth_service=available game_service=available status=all_healthy
time=2025-07-19T11:39:45.150-04:00 level=INFO msg="Service health check" service=session-service auth_service=available game_service=available status=all_healthy
time=2025-07-19T11:39:50.152-04:00 level=INFO msg="Service health check" service=session-service auth_service=available game_service=available status=all_healthy
time=2025-07-19T11:39:55.150-04:00 level=INFO msg="Service health check" service=session-service auth_service=available game_service=available status=all_healthy
time=2025-07-19T11:40:00.149-04:00 level=INFO msg="Service health check" service=session-service auth_service=available game_service=available status=all_healthy
time=2025-07-19T11:40:05.150-04:00 level=INFO msg="Service health check" service=session-service auth_service=available game_service=available status=all_healthy
time=2025-07-19T11:40:10.150-04:00 level=INFO msg="Service health check" service=session-service auth_service=available game_service=available status=all_healthy
time=2025-07-19T11:40:15.152-04:00 level=INFO msg="Service health check" service=session-service auth_service=available game_service=available status=all_healthy
time=2025-07-19T11:40:20.152-04:00 level=INFO msg="Service health check" service=session-service auth_service=available game_service=available status=all_healthy
time=2025-07-19T11:40:25.151-04:00 level=INFO msg="Service health check" service=session-service auth_service=available game_service=available status=all_healthy
time=2025-07-19T11:40:30.151-04:00 level=INFO msg="Service health check" service=session-service auth_service=available game_service=available status=all_healthy
time=2025-07-19T11:40:35.151-04:00 level=INFO msg="Service health check" service=session-service auth_service=available game_service=available status=all_healthy
time=2025-07-19T11:40:40.150-04:00 level=INFO msg="Service health check" service=session-service auth_service=available game_service=available status=all_healthy
time=2025-07-19T11:40:45.150-04:00 level=INFO msg="Service health check" service=session-service auth_service=available game_service=available status=all_healthy
time=2025-07-19T11:40:50.148-04:00 level=INFO msg="Service health check" service=session-service auth_service=available game_service=available status=all_healthy
time=2025-07-19T11:40:55.150-04:00 level=INFO msg="Service health check" service=session-service auth_service=available game_service=available status=all_healthy
time=2025-07-19T11:41:00.151-04:00 level=INFO msg="Service health check" service=session-service auth_service=available game_service=available status=all_healthy
time=2025-07-19T11:41:05.150-04:00 level=INFO msg="Service health check" service=session-service auth_service=available game_service=available status=all_healthy
time=2025-07-19T11:41:10.152-04:00 level=INFO msg="Service health check" service=session-service auth_service=available game_service=available status=all_healthy
time=2025-07-19T11:41:15.149-04:00 level=INFO msg="Service health check" service=session-service auth_service=available game_service=available status=all_healthy
time=2025-07-19T11:41:20.151-04:00 level=INFO msg="Service health check" service=session-service auth_service=available game_service=available status=all_healthy
time=2025-07-19T11:41:25.150-04:00 level=INFO msg="Service health check" service=session-service auth_service=available game_service=available status=all_healthy
time=2025-07-19T11:41:30.151-04:00 level=INFO msg="Service health check" service=session-service auth_service=available game_service=available status=all_healthy
time=2025-07-19T11:41:35.149-04:00 level=INFO msg="Service health check" service=session-service auth_service=available game_service=available status=all_healthy
time=2025-07-19T11:41:40.150-04:00 level=INFO msg="Service health check" service=session-service auth_service=available game_service=available status=all_healthy
time=2025-07-19T11:41:45.148-04:00 level=INFO msg="Service health check" service=session-service auth_service=available game_service=available status=all_healthy
time=2025-07-19T11:41:50.150-04:00 level=INFO msg="Service health check" service=session-service auth_service=available game_service=available status=all_healthy
time=2025-07-19T11:41:55.151-04:00 level=INFO msg="Service health check" service=session-service auth_service=available game_service=available status=all_healthy
time=2025-07-19T11:42:00.150-04:00 level=INFO msg="Service health check" service=session-service auth_service=available game_service=available status=all_healthy
time=2025-07-19T11:42:05.149-04:00 level=INFO msg="Service health check" service=session-service auth_service=available game_service=available status=all_healthy
time=2025-07-19T11:42:10.150-04:00 level=INFO msg="Service health check" service=session-service auth_service=available game_service=available status=all_healthy
time=2025-07-19T11:42:15.150-04:00 level=INFO msg="Service health check" service=session-service auth_service=available game_service=available status=all_healthy
time=2025-07-19T11:42:20.151-04:00 level=INFO msg="Service health check" service=session-service auth_service=available game_service=available status=all_healthy
time=2025-07-19T11:42:25.151-04:00 level=INFO msg="Service health check" service=session-service auth_service=available game_service=available status=all_healthy
time=2025-07-19T11:42:30.150-04:00 level=INFO msg="Service health check" service=session-service auth_service=available game_service=available status=all_healthy
time=2025-07-19T11:42:35.150-04:00 level=INFO msg="Service health check" service=session-service auth_service=available game_service=available status=all_healthy
time=2025-07-19T11:42:40.150-04:00 level=INFO msg="Service health check" service=session-service auth_service=available game_service=available status=all_healthy
time=2025-07-19T11:42:45.151-04:00 level=INFO msg="Service health check" service=session-service auth_service=available game_service=available status=all_healthy
time=2025-07-19T11:42:50.149-04:00 level=INFO msg="Service health check" service=session-service auth_service=available game_service=available status=all_healthy
time=2025-07-19T11:42:55.150-04:00 level=INFO msg="Service health check" service=session-service auth_service=available game_service=available status=all_healthy
time=2025-07-19T11:43:00.151-04:00 level=INFO msg="Service health check" service=session-service auth_service=available game_service=available status=all_healthy
time=2025-07-19T11:43:05.149-04:00 level=INFO msg="Service health check" service=session-service auth_service=available game_service=available status=all_healthy
time=2025-07-19T11:43:10.151-04:00 level=INFO msg="Service health check" service=session-service auth_service=available game_service=available status=all_healthy
time=2025-07-19T11:43:15.150-04:00 level=INFO msg="Service health check" service=session-service auth_service=available game_service=available status=all_healthy
time=2025-07-19T11:43:20.149-04:00 level=INFO msg="Service health check" service=session-service auth_service=available game_service=available status=all_healthy
time=2025-07-19T11:43:25.151-04:00 level=INFO msg="Service health check" service=session-service auth_service=available game_service=available status=all_healthy
time=2025-07-19T11:43:30.150-04:00 level=INFO msg="Service health check" service=session-service auth_service=available game_service=available status=all_healthy
time=2025-07-19T11:43:35.151-04:00 level=INFO msg="Service health check" service=session-service auth_service=available game_service=available status=all_healthy
time=2025-07-19T11:43:40.150-04:00 level=INFO msg="Service health check" service=session-service auth_service=available game_service=available status=all_healthy
time=2025-07-19T11:43:45.150-04:00 level=INFO msg="Service health check" service=session-service auth_service=available game_service=available status=all_healthy
time=2025-07-19T11:43:50.150-04:00 level=INFO msg="Service health check" service=session-service auth_service=available game_service=available status=all_healthy
time=2025-07-19T11:43:55.149-04:00 level=INFO msg="Service health check" service=session-service auth_service=available game_service=available status=all_healthy
time=2025-07-19T11:44:00.151-04:00 level=INFO msg="Service health check" service=session-service auth_service=available game_service=available status=all_healthy
time=2025-07-19T11:44:05.149-04:00 level=INFO msg="Service health check" service=session-service auth_service=available game_service=available status=all_healthy
time=2025-07-19T11:44:10.149-04:00 level=INFO msg="Service health check" service=session-service auth_service=available game_service=available status=all_healthy
time=2025-07-19T11:44:15.149-04:00 level=INFO msg="Service health check" service=session-service auth_service=available game_service=available status=all_healthy
time=2025-07-19T11:44:20.149-04:00 level=INFO msg="Service health check" service=session-service auth_service=available game_service=available status=all_healthy
time=2025-07-19T11:44:25.152-04:00 level=INFO msg="Service health check" service=session-service auth_service=available game_service=available status=all_healthy
time=2025-07-19T11:44:30.150-04:00 level=INFO msg="Service health check" service=session-service auth_service=available game_service=available status=all_healthy
time=2025-07-19T11:44:35.150-04:00 level=INFO msg="Service health check" service=session-service auth_service=available game_service=available status=all_healthy
time=2025-07-19T11:44:40.148-04:00 level=INFO msg="Service health check" service=session-service auth_service=available game_service=available status=all_healthy
time=2025-07-19T11:44:45.150-04:00 level=INFO msg="Service health check" service=session-service auth_service=available game_service=available status=all_healthy
time=2025-07-19T11:44:50.150-04:00 level=INFO msg="Service health check" service=session-service auth_service=available game_service=available status=all_healthy
time=2025-07-19T11:44:55.149-04:00 level=INFO msg="Service health check" service=session-service auth_service=available game_service=available status=all_healthy
time=2025-07-19T11:45:00.150-04:00 level=INFO msg="Service health check" service=session-service auth_service=available game_service=available status=all_healthy
time=2025-07-19T11:45:05.150-04:00 level=INFO msg="Service health check" service=session-service auth_service=available game_service=available status=all_healthy
time=2025-07-19T11:45:10.149-04:00 level=INFO msg="Service health check" service=session-service auth_service=available game_service=available status=all_healthy
time=2025-07-19T11:45:15.150-04:00 level=INFO msg="Service health check" service=session-service auth_service=available game_service=available status=all_healthy
time=2025-07-19T11:45:20.149-04:00 level=INFO msg="Service health check" service=session-service auth_service=available game_service=available status=all_healthy
time=2025-07-19T11:45:25.149-04:00 level=INFO msg="Service health check" service=session-service auth_service=available game_service=available status=all_healthy
time=2025-07-19T11:45:30.150-04:00 level=INFO msg="Service health check" service=session-service auth_service=available game_service=available status=all_healthy
time=2025-07-19T11:45:35.149-04:00 level=INFO msg="Service health check" service=session-service auth_service=available game_service=available status=all_healthy
time=2025-07-19T11:45:40.150-04:00 level=INFO msg="Service health check" service=session-service auth_service=available game_service=available status=all_healthy
time=2025-07-19T11:45:45.149-04:00 level=INFO msg="Service health check" service=session-service auth_service=available game_service=available status=all_healthy
time=2025-07-19T11:45:50.148-04:00 level=INFO msg="Service health check" service=session-service auth_service=available game_service=available status=all_healthy
time=2025-07-19T11:45:55.149-04:00 level=INFO msg="Service health check" service=session-service auth_service=available game_service=available status=all_healthy
time=2025-07-19T11:46:00.150-04:00 level=INFO msg="Service health check" service=session-service auth_service=available game_service=available status=all_healthy
time=2025-07-19T11:46:05.150-04:00 level=INFO msg="Service health check" service=session-service auth_service=available game_service=available status=all_healthy
time=2025-07-19T11:46:10.148-04:00 level=INFO msg="Service health check" service=session-service auth_service=available game_service=available status=all_healthy
time=2025-07-19T11:46:15.150-04:00 level=INFO msg="Service health check" service=session-service auth_service=available game_service=available status=all_healthy
time=2025-07-19T11:46:20.950-04:00 level=INFO msg="Service health check" service=session-service auth_service=available game_service=available status=all_healthy
time=2025-07-19T11:46:25.952-04:00 level=INFO msg="Service health check" service=session-service auth_service=available game_service=available status=all_healthy
time=2025-07-19T11:46:30.952-04:00 level=INFO msg="Service health check" service=session-service auth_service=available game_service=available status=all_healthy
time=2025-07-19T11:46:35.950-04:00 level=INFO msg="Service health check" service=session-service auth_service=available game_service=available status=all_healthy
time=2025-07-19T11:46:40.950-04:00 level=INFO msg="Service health check" service=session-service auth_service=available game_service=available status=all_healthy
time=2025-07-19T11:46:45.949-04:00 level=INFO msg="Service health check" service=session-service auth_service=available game_service=available status=all_healthy
time=2025-07-19T11:46:50.948-04:00 level=INFO msg="Service health check" service=session-service auth_service=available game_service=available status=all_healthy
time=2025-07-19T11:46:55.949-04:00 level=INFO msg="Service health check" service=session-service auth_service=available game_service=available status=all_healthy
time=2025-07-19T11:47:00.947-04:00 level=INFO msg="Service health check" service=session-service auth_service=available game_service=available status=all_healthy
time=2025-07-19T11:47:05.949-04:00 level=INFO msg="Service health check" service=session-service auth_service=available game_service=available status=all_healthy
time=2025-07-19T12:02:24.360-04:00 level=INFO msg="Service health check" service=session-service auth_service=available game_service=available status=all_healthy
time=2025-07-19T12:02:29.371-04:00 level=INFO msg="Service health check" service=session-service auth_service=available game_service=available status=all_healthy
time=2025-07-19T12:02:34.377-04:00 level=INFO msg="Service health check" service=session-service auth_service=available game_service=available status=all_healthy
time=2025-07-19T12:02:39.385-04:00 level=INFO msg="Service health check" service=session-service auth_service=available game_service=available status=all_healthy
time=2025-07-19T12:02:44.390-04:00 level=INFO msg="Service health check" service=session-service auth_service=available game_service=available status=all_healthy
time=2025-07-19T12:02:49.392-04:00 level=INFO msg="Service health check" service=session-service auth_service=available game_service=available status=all_healthy
time=2025-07-19T12:02:54.393-04:00 level=INFO msg="Service health check" service=session-service auth_service=available game_service=available status=all_healthy
time=2025-07-19T12:02:59.396-04:00 level=INFO msg="Service health check" service=session-service auth_service=available game_service=available status=all_healthy
time=2025-07-19T12:03:04.396-04:00 level=INFO msg="Service health check" service=session-service auth_service=available game_service=available status=all_healthy
time=2025-07-19T12:09:21.091-04:00 level=INFO msg="Service health check" service=session-service auth_service=available game_service=available status=all_healthy
time=2025-07-19T12:09:26.093-04:00 level=INFO msg="Service health check" service=session-service auth_service=available game_service=available status=all_healthy
time=2025-07-19T12:09:31.092-04:00 level=INFO msg="Service health check" service=session-service auth_service=available game_service=available status=all_healthy
time=2025-07-19T12:09:36.094-04:00 level=INFO msg="Service health check" service=session-service auth_service=available game_service=available status=all_healthy
time=2025-07-19T12:09:41.094-04:00 level=INFO msg="Service health check" service=session-service auth_service=available game_service=available status=all_healthy
time=2025-07-19T12:09:46.093-04:00 level=INFO msg="Service health check" service=session-service auth_service=available game_service=available status=all_healthy
time=2025-07-19T12:09:51.094-04:00 level=INFO msg="Service health check" service=session-service auth_service=available game_service=available status=all_healthy
time=2025-07-19T12:09:56.092-04:00 level=INFO msg="Service health check" service=session-service auth_service=available game_service=available status=all_healthy
time=2025-07-19T12:10:01.092-04:00 level=INFO msg="Service health check" service=session-service auth_service=available game_service=available status=all_healthy
time=2025-07-19T12:10:06.091-04:00 level=INFO msg="Service health check" service=session-service auth_service=available game_service=available status=all_healthy
time=2025-07-19T12:10:11.093-04:00 level=INFO msg="Service health check" service=session-service auth_service=available game_service=available status=all_healthy
time=2025-07-19T12:10:16.094-04:00 level=INFO msg="Service health check" service=session-service auth_service=available game_service=available status=all_healthy
time=2025-07-19T12:10:21.094-04:00 level=INFO msg="Service health check" service=session-service auth_service=available game_service=available status=all_healthy
time=2025-07-19T12:10:26.093-04:00 level=INFO msg="Service health check" service=session-service auth_service=available game_service=available status=all_healthy
time=2025-07-19T12:10:31.092-04:00 level=INFO msg="Service health check" service=session-service auth_service=available game_service=available status=all_healthy
time=2025-07-19T12:10:36.097-04:00 level=INFO msg="Service health check" service=session-service auth_service=available game_service=available status=all_healthy
time=2025-07-19T12:10:40.405-04:00 level=INFO msg="Shutting down gracefully..." service=session-service
time=2025-07-19T12:10:40.405-04:00 level=INFO msg="Stopping Session Service" service=session-service
time=2025-07-19T12:10:40.405-04:00 level=INFO msg="SSH server stopping" service=session-service
time=2025-07-19T12:10:40.405-04:00 level=ERROR msg="Failed to accept connection" service=session-service error="accept tcp 127.0.0.1:2222: use of closed network connection"
time=2025-07-19T12:10:40.405-04:00 level=INFO msg="HTTP server stopping" service=session-service
time=2025-07-19T12:10:40.405-04:00 level=INFO msg="gRPC server stopping" service=session-service
time=2025-07-19T12:10:40.405-04:00 level=INFO msg="Connection manager stopping" service=session-service
time=2025-07-19T12:10:40.405-04:00 level=INFO msg="Connection manager stopped (stateless mode)" service=session-service
time=2025-07-19T12:10:40.405-04:00 level=INFO msg="Streaming manager stopping" service=session-service
time=2025-07-19T12:10:40.405-04:00 level=INFO msg="Streaming manager stopped (stateless mode)" service=session-service
time=2025-07-19T12:10:40.405-04:00 level=INFO msg="Session Service stopped gracefully" service=session-service
time=2025-07-19T12:10:40.405-04:00 level=INFO msg="Stopping metrics server" service=session-service
time=2025-07-19T12:10:40.405-04:00 level=ERROR msg="Failed to start metrics server" service=session-service error="http: Server closed"
time=2025-07-19T12:10:40.405-04:00 level=INFO msg="Session Service stopped" service=session-service
